         w __deregister_frame_info
         w __register_frame_info
         w userAppExit
         w userAppInit
00000000 b .LANCHOR0
00000000 a shift
00000000 a shift
00000000 00000004 b stbi__g_failure_reason
00000000 b _TLS_MODULE_BASE_
00000004 00000004 b stbi__vertically_flip_on_load_local
00000008 00000004 b stbi__vertically_flip_on_load_set
0000000c 00000401 B __ctru_dev_path_buf
00000410 00000802 B __ctru_dev_utf16_buf
00100000 A __start__
00100000 T _start
00100008 T __service_ptr
0010000c T __apt_appid
00100010 T __heap_size
00100014 T __linear_heap_size
00100018 T __system_arglist
0010001c T __system_runflags
00100020 t startup
00100058 t ClearMem
0010006c t ClrLoop
00100094 T _init
001000ac T _III_imdct_l
001000ac T III_imdct_l
001002e0 t loop
00100374 t imdct36_long_karray
001005e4 t imdct_l_windowing
001005f8 t normal_block_x0_to_x17
0010074c t normal_block_x18_to_x35
00100888 t stop_block_x0_to_x17
00100934 t start_block_x18_to_x35
00100a10 T __aeabi_uidiv
00100a10 000001ec T __udivsi3
00100a10 t .udivsi3_skip_div0_test
00100bfc 00000020 T __aeabi_uidivmod
00100c1c T __aeabi_idiv
00100c1c 00000220 T __divsi3
00100c24 t .divsi3_skip_div0_test
00100e3c 00000020 T __aeabi_idivmod
00100e5c 00000004 W __aeabi_idiv0
00100e5c 00000004 W __aeabi_ldiv0
00100e60 T __aeabi_drsub
00100e68 000002b0 T __aeabi_dsub
00100e68 000002b0 T __subdf3
00100e6c 000002ac T __adddf3
00100e6c 000002ac T __aeabi_dadd
00101118 00000024 T __aeabi_ui2d
00101118 00000024 T __floatunsidf
0010113c 00000028 T __aeabi_i2d
0010113c 00000028 T __floatsidf
00101164 00000048 T __aeabi_f2d
00101164 00000048 T __extendsfdf2
001011ac 00000074 T __aeabi_ul2d
001011ac 00000074 T __floatundidf
001011c0 00000060 T __aeabi_l2d
001011c0 00000060 T __floatdidf
00101220 T __aeabi_ldivmod
001012f4 T __aeabi_uldivmod
00101348 00000390 T strcmp
001016d0 t __do_global_dtors_aux
00101710 t frame_dummy
0010173c 00000010 t stbi__stdio_eof
0010174c 00000054 t stbi__skip
001017a0 0000044c t stbi__idct_block
00101bec 00000008 t resample_row_1
00101bf4 00000044 t stbi__resample_row_v_2
00101c38 000000a8 t stbi__resample_row_hv_2
00101ce0 00000050 t stbi__resample_row_generic
00101d30 000000f4 t stbi__YCbCr_to_RGB_row
00101e24 00000068 t stbi__bitreverse16
00101e8c 00000050 t stbi__high_bit
00101edc 00000114 t stbi__out_gif_code
00101ff0 00000008 t stbi__stdio_skip
00101ff8 00000010 t stbi__stdio_read
00102008 00000184 t stbi__build_huffman
0010218c 00000060 t stbi__malloc_mad2
001021ec 00000530 t stbi__convert_format16
0010271c 000000a0 t stbi__getn
001027bc 000000b4 t stbi__vertical_flip
00102870 00000114 t stbi__hdr_convert
00102984 00000080 t stbi__mad3sizes_valid
00102a04 00000078 t stbi__get8
00102a7c 00000080 t stbi__grow_buffer_unsafe
00102afc 00000134 t stbi__jpeg_huff_decode
00102c30 00000094 t stbi__extend_receive
00102cc4 000001c8 t stbi__jpeg_decode_block
00102e8c 000000cc t stbi__resample_row_h_2
00102f58 0000008c t stbi__shiftsigned
00102fe4 00000068 t stbi__fill_bits
0010304c 00000124 t stbi__zhuffman_decode
00103170 00000214 t stbi__zbuild_huffman
00103384 00000088 t stbi__free_jpeg_components.constprop.0
0010340c 00000074 t stbi__mad4sizes_valid.constprop.0
00103480 00000074 t stbi__start_callbacks
001034f4 000000e4 t stbi__jpeg_decode_block_prog_dc.part.0
001035d8 00000cbc t stbi__parse_entropy_coded_data
00104294 0000012c t stbi__pnm_skip_whitespace
001043c0 00000040 t stbi__get32le
00104400 00000044 t stbi__get32be
00104444 00000080 t stbi__malloc_mad3
001044c4 00000538 t stbi__convert_format
001049fc 00001050 t stbi__create_png_image_raw
00105a4c 000002ec t stbi__compute_huffman_codes
00105d38 000006f4 t stbi__parse_zlib
0010642c 000000ec t stbi__hdr_test
00106518 00000238 t stbi__pnm_info
00106750 00000178 t stbi__gif_parse_colortable
001068c8 00000158 t stbi__hdr_gettoken
00106a20 000005f0 t stbi__hdr_load.constprop.0
00107010 000000fc t stbi__get16be
0010710c 00000520 t stbi__process_marker
0010762c 0000067c t stbi__decode_jpeg_header
00107ca8 000000f4 t stbi__get16le
00107d9c 00000380 t stbi__bmp_parse_header.part.0
0010811c 00000b28 t stbi__bmp_load.constprop.0
00108c44 000000e0 t stbi__gif_test_raw
00108d24 000001a8 t stbi__gif_header
00108ecc 00000754 t stbi__gif_load_next.constprop.0
00109620 000000e0 t stbi__gif_load.constprop.0
00109700 000000a0 T stbi_zlib_decode_malloc_guesssize_headerflag
001097a0 000010d0 t stbi__parse_png_file
0010a870 00002ff4 t stbi__load_main
0010d864 00000164 t stbi__load_and_postprocess_8bit
0010d9c8 000000b4 T stbi_load
0010da7c 0000003c T ainit
0010dab8 00000048 T init
0010db00 00000070 T lspr
0010db70 00000064 T DrawVerticalLine
0010dbd4 00000040 T swap_colors
0010dc18 00000248 T Render
0010de60 00000054 T myscandir
0010deb8 000002f8 T main
0010e1b0 00000024 t addrMapNodeComparator(rbtree_node const*, rbtree_node const*)
0010e1d4 00000004 t addrMapNodeDestructor(rbtree_node*)
0010e1d8 00000120 T linearMemAlign
0010e2f8 00000008 T linearAlloc
0010e300 0000005c T linearFree
0010e35c 00000084 T MemPool::CoalesceRight(MemBlock*)
0010e3e0 00000170 T MemPool::Allocate(MemChunk&, unsigned long, int)
0010e550 000000fc T MemPool::Deallocate(MemChunk const&)
0010e64c 00000008 t romfs_close
0010e654 000000c8 t romfs_seek
0010e71c 00000024 t romfs_dirreset
0010e740 000000c8 t fill_dir
0010e808 000002b0 t romfs_dirnext
0010eab8 00000084 t romfs_free
0010eb3c 000000d4 t searchForFile.constprop.0
0010ec10 000000d8 t searchForDir.constprop.0
0010ece8 000001c0 t navigateToDir.constprop.0
0010eea8 00000128 t romfs_open
0010efd0 0000004c t romfs_chdir
0010f01c 00000070 t romfs_diropen
0010f08c 0000017c t romfs_stat
0010f208 00000008 t romfs_dirclose
0010f210 0000007c t romfs_fstat
0010f28c 000000d4 t romfs_read
0010f360 00000290 T romfsMountFromFile
0010f5f0 00000098 T romfsMountFromCurrentProcess
0010f688 0000025c T romfsMountSelf
0010f8e4 00000178 T consoleDrawChar
0010fa5c 00000124 T consolePrintChar
0010fb80 00000a00 T con_write
00110580 00000168 T consoleInit
001106e8 000000f4 t newRow
001107dc 000000d0 t gfxPresentFramebuffer
001108ac 00000010 T gfxSet3D
001108bc 0000001c T gfxIsWide
001108d8 000000ec T gfxSetScreenFormat
001109c4 00000010 T gfxSetDoubleBuffering
001109d4 00000108 T gfxInit
00110adc 00000010 T gfxInitDefault
00110aec 000000b4 T gfxExit
00110ba0 000000a0 T gfxGetFramebuffer
00110c40 0000010c T gfxFlushBuffers
00110d4c 00000030 T gfxScreenSwapBuffers
00110d7c 00000050 T gfxSwapBuffers
00110dcc 00000050 T gfxSwapBuffersGpu
00110e1c 000000a4 t DSP_LoadComponent.part.0
00110ec0 000000dc T dspInit
00110f9c 00000078 T dspExit
00111014 00000024 T dspHook
00111038 00000030 T dspUnhook
00111068 000000ac T aptDspSleep
00111114 000000b4 T aptDspWakeup
001111c8 00000044 T aptDspCancel
0011120c 00000050 T DSP_FlushDataCache
0011125c 00000034 T DSP_SetSemaphore
00111290 00000034 T DSP_SetSemaphoreMask
001112c4 00000038 T DSP_GetSemaphoreHandle
001112fc 0000003c T DSP_LoadComponent
00111338 00000044 T DSP_RegisterInterruptEvents
0011137c 00000074 T DSP_ReadPipeIfPossible
001113f0 0000004c T DSP_WriteProcessPipe
0011143c 00000040 T DSP_ConvertProcessAddressFromDspDram
0011147c 00000040 T DSP_RecvData
001114bc 0000004c T DSP_RecvDataIsReady
00111508 00000c58 t gspHardwareInit
00112160 00000254 T gspInit
001123b4 000000f0 T gspExit
001124a4 00000010 T gspHasGpuRight
001124b4 00000098 T gspPresentBuffer
0011254c 00000030 T gspSetEventCallback
0011257c 00000050 T gspWaitForEvent
001125cc 0000004c T gspWaitForAnyEvent
00112618 00000160 t gspEventThreadMain
00112778 00000130 T gspSubmitGxCommand
001128a8 00000050 T GSPGPU_FlushDataCache
001128f8 00000034 T GSPGPU_SetLcdForceBlack
0011292c 00000068 T GSPGPU_AcquireRight
00112994 00000048 T GSPGPU_ReleaseRight
001129dc 0000007c T GSPGPU_ImportDisplayCaptureInfo
00112a58 0000002c T GSPGPU_SaveVramSysArea
00112a84 0000002c T GSPGPU_RestoreVramSysArea
00112ab0 000001b0 t aptConvertScreenForCapture
00112c60 0000015c T aptSendCommand
00112dbc 00000038 t aptExitProcess
00112df4 00000014 T aptIsActive
00112e08 000002f0 T aptExit
001130f8 000000d8 T aptHandleSleep
001131d0 00000030 T aptHook
00113200 00000030 T aptUnhook
00113230 00000084 T APT_SleepIfShellClosed
001132b4 00000084 T aptSetSleepAllowed
00113338 00000084 T APT_UnlockTransition
001133c0 00000484 t aptEventHandler
00113844 000000b0 T APT_ReceiveParameter
001138f4 000000b0 t aptReceiveParameter.constprop.0
001139a8 000002bc t aptScreenTransfer
00113c64 000002d0 t aptWaitForWakeUp.isra.0
00113f34 000000f8 T aptJumpToHomeMenu
0011402c 0000004c T aptMainLoop
00114078 00000234 T aptInit
001142ac 0000007c T APT_CheckNew3DS
00114328 00000024 W hidShouldUseIrrst
0011434c 0000018c T hidInit
001144d8 000000e8 T hidExit
001145c0 00000294 T hidScanInput
00114854 00000010 T hidKeysHeld
00114864 00000010 T hidKeysDown
00114874 00000010 T hidKeysUp
00114884 00000018 T hidTouchRead
0011489c 00000018 T hidCircleRead
001148b4 000000c8 T fsInit
0011497c 0000003c T fsExit
001149b8 00000060 T fsExemptFromSession
00114a18 00000050 T fsUnexemptFromSession
00114a68 000000cc T FSUSER_OpenFile
00114b34 000000d4 T FSUSER_OpenFileDirectly
00114c08 000000bc T FSUSER_DeleteFile
00114cc4 000000f8 T FSUSER_RenameFile
00114dbc 000000bc T FSUSER_DeleteDirectory
00114e78 000000d4 T FSUSER_CreateFile
00114f4c 000000c4 T FSUSER_CreateDirectory
00115010 000000f8 T FSUSER_RenameDirectory
00115108 000000b4 T FSUSER_OpenDirectory
001151bc 00000094 T FSUSER_OpenArchive
00115250 0000008c T FSUSER_CloseArchive
001152dc 00000074 T FSUSER_GetSdmcArchiveResource
00115350 00000064 T FSUSER_IsSdmcWritable
001153b4 00000058 T FSFILE_Read
0011540c 00000060 T FSFILE_Write
0011546c 00000038 T FSFILE_GetSize
001154a4 00000028 T FSFILE_SetSize
001154cc 0000003c T FSFILE_Close
00115508 00000024 T FSFILE_Flush
0011552c 00000050 T FSDIR_Read
0011557c 0000003c T FSDIR_Close
001155b8 00000010 T rbtree_init
001155c8 000001a0 t do_insert
00115768 00000008 T rbtree_insert
00115770 00000090 T rbtree_rotate
00115800 00000338 T rbtree_remove
00115b38 00000074 T rbtree_find
00115bac 000000e8 T utf16_to_utf8
00115c94 00000064 T decode_utf16
00115cf8 000000c0 T utf8_to_utf16
00115db8 000001e0 W __system_allocateHeaps
00115f98 00000038 W __libctru_init
00115fd0 000000f0 W __system_initArgv
001160c0 T svcControlMemory
001160e0 T svcQueryMemory
00116110 T svcExitProcess
00116118 T svcCreateThread
00116138 T svcExitThread
00116140 T svcSleepThread
00116148 T svcGetThreadPriority
0011615c T svcReleaseMutex
00116164 T svcCreateEvent
00116178 T svcSignalEvent
00116180 T svcClearEvent
00116188 T svcMapMemoryBlock
00116190 T svcUnmapMemoryBlock
00116198 T svcCreateAddressArbiter
001161ac T svcArbitrateAddressNoTimeout
001161b4 T svcCloseHandle
001161bc T svcWaitSynchronization
001161c4 T svcWaitSynchronizationN
001161ec T svcDuplicateHandle
00116200 T svcGetSystemTick
00116208 T svcConnectToPort
0011621c T svcSendSyncRequest
00116224 T svcGetThreadId
00116238 T svcGetResourceLimit
0011624c T svcGetResourceLimitLimitValues
00116254 T svcGetResourceLimitCurrentValues
0011625c T svcBreak
00116264 W initSystem
001162b4 W __ctru_exit
001162cc T __aeabi_read_tp
001162d8 00000024 t addrMapNodeComparator(rbtree_node const*, rbtree_node const*)
001162fc 00000004 t addrMapNodeDestructor(rbtree_node*)
00116300 00000114 T vramMemAlign
00116414 00000008 T vramAlloc
0011641c 0000005c T vramFree
00116478 0000000c T __sync_init
00116484 00000018 T __sync_fini
0011649c 0000002c T syncArbitrateAddress
001164c8 0000001c T LightLock_Init
001164e4 00000094 T LightLock_Lock
00116578 00000044 T LightLock_TryLock
001165bc 00000040 T LightLock_Unlock
001165fc 00000024 T RecursiveLock_Init
00116620 00000030 T RecursiveLock_Lock
00116650 00000078 T RecursiveLock_TryLock
001166c8 00000054 T RecursiveLock_Unlock
0011671c 0000000c T CondVar_Init
00116728 00000084 T CondVar_Wait
001167ac 00000088 T CondVar_WakeUp
00116834 00000040 T LightEvent_Init
00116874 000000a4 T LightEvent_Clear
00116918 000000c8 T LightEvent_Signal
001169e0 00000058 T LightEvent_TryWait
00116a38 000000b0 T LightEvent_Wait
00116ae8 00000014 T LightSemaphore_Init
00116afc 00000094 T LightSemaphore_Acquire
00116b90 00000064 T LightSemaphore_Release
00116bf4 00000084 W envGetHandle
00116c78 00000050 W envDestroyHandles
00116cc8 00000074 T osConvertVirtToPhys
00116d3c 00000054 T osGetTimeRef
00116d90 000000e4 T osGetTime
00116e74 00000074 T __libctru_gtod
00116ee8 00000034 T __ctru_speedup_config
00116f1c 00000124 T srvInit
00117040 00000058 T srvExit
00117098 00000080 T srvGetServiceHandleDirect
00117118 00000048 T srvGetServiceHandle
00117160 00000038 T srvPublishToSubscriber
00117198 00000188 T threadCreate
00117320 00000024 T threadGetHandle
00117344 0000002c T threadFree
00117370 00000024 T threadJoin
00117394 00000030 T threadGetCurrent
001173c4 00000040 T threadExit
00117404 00000044 t _thread_begin
00117448 00000094 t mappableFindAddressWithin
001174dc 00000028 T mappableInit
00117504 00000080 T mappableAlloc
00117584 00000004 T mappableFree
00117588 00000160 T irrstInit
001176e8 000000cc T irrstExit
001177b4 000000b0 T irrstScanInput
00117864 00000024 T irrstKeysHeld
00117888 00000018 T irrstCstickRead
001178a0 0000000c T srvPmGetSessionHandle
001178ac 00000074 T ptmSysmInit
00117920 0000003c T ptmSysmExit
0011795c 00000034 T PTMSYSM_ConfigureNew3DSCPU
00117990 00000050 T rbtree_node_next
001179e0 00000060 T encode_utf16
00117a40 000000fc T encode_utf8
00117b3c 0000013c T decode_utf8
00117c78 00000030 W __appInit
00117ca8 00000030 t __libctru_nanosleep
00117cd8 00000030 t __libctru_get_reent
00117d08 000000f8 T __system_initSyscalls
00117e00 00000030 W __appExit
00117e30 00000090 W __libctru_exit
00117ec0 00000014 t archive_link
00117ed4 00000014 t archive_dirreset
00117ee8 00000014 t archive_chmod
00117efc 00000024 t error_cmp
00117f20 00000050 t archive_translate_error
00117f70 000000d4 t archive_seek
00118044 0000007c t _archiveInit.part.0
001180c0 0000008c t archiveFindDevice.part.0
0011814c 00000294 t archive_utf16path
001183e0 000000a0 t _archiveUnmountDeviceStruct.part.0
00118480 00000014 t archive_fchmod
00118494 00000014 t archive_statvfs
001184a8 00000158 t _archiveMountDevice
00118600 000000e8 t archive_diropen
001186e8 000000a4 t archive_fstat
0011878c 0000006c t archive_close
001187f8 0000006c t archive_fsync
00118864 00000070 t archive_dirclose
001188d4 000000e8 t sdmc_statvfs
001189bc 00000080 t archive_ftruncate
00118a3c 000000fc t archive_chdir
00118b38 000000b0 t archive_read
00118be8 000000ac t archive_unlink
00118c94 000000c8 t archive_rmdir
00118d5c 000000ec t archive_mkdir
00118e48 000001a8 t archive_stat
00118ff0 00000184 t archive_rename
00119174 00000168 t archive_dirnext
001192dc 0000012c t archive_write
00119408 000001f0 t archive_open
001195f8 000001a4 T archiveMountSdmc
0011979c 00000054 T archiveUnmountAll
001197f0 0000022c T cosf
00119a1c 00000024 t with_errnof
00119a40 0000001c T __math_invalidf
00119a60 000006f8 T pow
0011a158 00000274 T sinf
0011a3cc 0000008c T ldexp
0011a458 00000138 T scalbn
0011a590 000000c8 T sin
0011a658 00000328 T __ieee754_rem_pio2
0011a980 00000158 T __kernel_cos
0011aad8 0000088c T __kernel_rem_pio2
0011b368 000000c0 T __kernel_sin
0011b428 00000024 t with_errno
0011b44c 00000028 t xflow
0011b478 00000010 T __math_uflow
0011b488 00000010 T __math_oflow
0011b498 00000050 T __math_divzero
0011b4e8 0000001c T __math_invalid
0011b504 00000014 T __math_check_uflow
0011b518 00000028 T __math_check_oflow
0011b540 00000014 T fabs
0011b554 00000020 T finite
0011b578 00000164 T floor
0011b6dc 00000158 T SDL_InitSubSystem
0011b834 00000040 T SDL_Init
0011b874 0000009c T SDL_QuitSubSystem
0011b910 00000018 T SDL_Quit
0011b928 00000208 T SDL_SetError
0011bb30 000002e8 T SDL_GetErrorMsg
0011be18 00000010 T SDL_GetError
0011be28 00000014 T SDL_ClearError
0011be3c 00000058 T SDL_Error
0011be94 00000020 t SDL_Parachute
0011beb4 0000004c T SDL_InstallParachute
0011bf00 00000050 T SDL_UninstallParachute
0011bf50 00000030 t SDL_LockAudio_Default
0011bf80 00000030 t SDL_UnlockAudio_Default
0011bfb0 0000019c T SDL_RunAudio
0011c14c 000004cc T SDL_OpenAudio
0011c618 00000018 T SDL_PauseAudio
0011c630 00000024 T SDL_LockAudio
0011c654 00000024 T SDL_UnlockAudio
0011c678 00000008 T SDL_CloseAudio
0011c680 000000ac T SDL_AudioQuit
0011c72c 00000104 T SDL_AudioInit
0011c830 000000a8 T SDL_FirstAudioFormat
0011c8d8 00000054 T SDL_NextAudioFormat
0011c92c 00000034 T SDL_CalculateAudioSpec
0011c960 0000027c T SDL_ConvertMono
0011cbdc 00000290 T SDL_ConvertStrip
0011ce6c 00000294 T SDL_ConvertStrip_2
0011d100 000000a0 T SDL_ConvertStereo
0011d1a0 00000414 T SDL_ConvertSurround
0011d5b4 0000038c T SDL_ConvertSurround_4
0011d940 00000070 T SDL_Convert16LSB
0011d9b0 00000080 T SDL_Convert16MSB
0011da30 0000008c T SDL_Convert8
0011dabc 000000a4 T SDL_ConvertSign
0011db60 00000064 T SDL_ConvertEndian
0011dbc4 000000c8 T SDL_RateMUL2
0011dc8c 00000110 T SDL_RateMUL2_c2
0011dd9c 00000178 T SDL_RateMUL2_c4
0011df14 000001e0 T SDL_RateMUL2_c6
0011e0f4 000000e8 T SDL_RateDIV2
0011e1dc 000000f4 T SDL_RateDIV2_c2
0011e2d0 0000011c T SDL_RateDIV2_c4
0011e3ec 00000158 T SDL_RateDIV2_c6
0011e544 00000058 T SDL_ConvertAudio
0011e5a0 000005e0 T SDL_BuildAudioCVT
0011eb80 0000004c t stdio_write
0011ebcc 0000004c t stdio_read
0011ec18 00000034 t stdio_seek
0011ec4c 00000034 t stdio_close
0011ec80 000000bc T SDL_RWFromFile
0011ed3c 00000004 T SDL_FreeRW
0011ed40 00000030 T SDL_ReadBE16
0011ed70 00000028 T SDL_ReadLE32
0011ed98 0000002c T SDL_ReadBE32
0011edc4 000000b8 t SDL_DelThread.part.0
0011ee7c 0000009c T SDL_GetErrBuf
0011ef18 0000003c T SDL_RunThread
0011ef54 00000184 T SDL_CreateThread
0011f0d8 0000004c T SDL_WaitThread
0011f124 00000004 t callback_wrapper
0011f128 0000008c t SDL_AddTimerInternal
0011f1b4 00000044 T SDL_SetTimerThreaded
0011f1f8 0000013c T SDL_ThreadedTimerCheck
0011f334 00000154 T SDL_SetTimer
0011f488 00000068 T SDL_TimerQuit
0011f4f0 00000098 T SDL_TimerInit
0011f588 00000090 t SDL_WM_GrabInputRaw
0011f618 00000118 T SDL_VideoQuit
0011f730 0000021c T SDL_VideoInit
0011f94c 000000c0 t SDL_JoystickClose.part.0
0011fa0c 00000068 T SDL_JoystickInit
0011fa74 000000a0 T SDL_JoystickQuit
0011fb14 0000009c T SDL_PrivateJoystickAxis
0011fbb0 000000ac T SDL_PrivateJoystickButton
0011fc5c 0000003c T SDL_JoystickUpdate
0011fc98 00000018 T SDL_StartTicks
0011fcb0 00000068 T SDL_GetTicks
0011fd18 00000010 T SDL_Delay
0011fd28 00000008 T SDL_SYS_TimerInit
0011fd30 00000004 T SDL_SYS_TimerQuit
0011fd34 00000018 T SDL_SYS_StartTimer
0011fd4c 00000004 T SDL_SYS_StopTimer
0011fd50 00000008 t N3DSAUD_Available
0011fd58 0000000c t N3DSAUD_GetAudioBuf
0011fd64 00000138 t N3DSAUD_CreateDevice
0011fe9c 0000005c t N3DSAUD_DeleteDevice
0011fef8 0000000c t N3DSAUD_UnlockAudio
0011ff04 0000000c t N3DSAUD_LockAudio
0011ff10 000000c4 t N3DSAUD_CloseAudio
0011ffd4 00000074 t audioFrameFinished
00120048 000000a8 t N3DSAUD_PlayAudio
001200f0 00000078 t N3DSAUD_WaitAudio
00120168 00000268 t N3DSAUD_OpenAudio
001203d0 0000005c t N3DSAUD_DspHook
0012042c 00000014 T SDL_SYS_JoystickInit
00120440 00000514 T SDL_SYS_JoystickUpdate
00120954 00000004 T SDL_SYS_JoystickClose
00120958 00000004 T SDL_SYS_JoystickQuit
0012095c 00000028 T SDL_CreateMutex
00120984 0000000c T SDL_DestroyMutex
00120990 0000002c T SDL_mutexP
001209bc 0000002c T SDL_mutexV
001209e8 00000034 T SDL_CreateSemaphore
00120a1c 0000000c T SDL_DestroySemaphore
00120a28 00000030 T SDL_SemWait
00120a58 00000014 T SDL_SemPost
00120a6c 00000004 T ThreadEntry
00120a70 000000b0 T SDL_SYS_CreateThread
00120b20 00000004 T SDL_SYS_SetupThread
00120b24 00000038 T SDL_ThreadID
00120b5c 00000010 T SDL_SYS_WaitThread
00120b6c 00000008 t N3DS_Available
00120b74 00000008 t N3DS_ListModes
00120b7c 00000008 t N3DS_AllocHWSurface
00120b84 00000008 t N3DS_LockHWSurface
00120b8c 00000004 t N3DS_UnlockHWSurface
00120b90 00000064 t N3DS_SetColors
00120bf4 00000110 t N3DS_CreateDevice
00120d04 00000024 t N3DS_DeleteDevice
00120d28 00000048 t N3DS_VideoInit
00120d70 00000174 t N3DS_FlipHWSurface.part.0
00120d70 00000174 t N3DS_UpdateRects.part.0
00120ee4 00000024 t N3DS_FlipHWSurface
00120f08 00000020 t N3DS_UpdateRects
00120f28 00000004 t N3DS_FreeHWSurface
00120f2c 000000ec t N3DS_VideoQuit
00121018 000000ac T N3DS_SetScaling
001210c4 0000089c t N3DS_SetVideoMode
00121960 0000003c T N3DS_ToggleFullScreen
0012199c 00000114 T drawTexture
00121ab0 000002dc t videoThread
00121d8c 000000ec t SDL_GobbleEvents
00121e78 00000064 T SDL_Lock_EventThread
00121edc 00000044 T SDL_Unlock_EventThread
00121f20 00000078 T SDL_StopEventLoop
00121f98 00000120 T SDL_StartEventLoop
001220b8 0000021c T SDL_PeepEvents
001222d4 00000028 T SDL_PushEvent
001222fc 00000b98 T SDL_KeyboardInit
00122e94 00000004 T SDL_KeyboardQuit
00122e98 0000008c T SDL_CheckKeyRepeat
00122f24 00000078 t ClipOffset
00122f9c 00000060 T SDL_MouseInit
00122ffc 00000004 T SDL_MouseQuit
00123000 00000038 T SDL_GetMouseState
00123038 000001c4 T SDL_PrivateMouseMotion
001231fc 00000210 T SDL_PrivateMouseButton
0012340c 00000070 t SDL_HandleSIG
0012347c 00000048 T SDL_QuitInit
001234c4 00000050 T SDL_QuitQuit
00123514 000000d0 T SDL_MouseRect
001235e4 000006d8 T SDL_DrawCursorNoLock
00123cbc 000000c0 T SDL_DrawCursor
00123d7c 00000188 T SDL_EraseCursorNoLock
00123f04 000000c0 T SDL_EraseCursor
00123fc4 000001d0 T SDL_SetCursor
00124194 000000a8 T SDL_FreeCursor
0012423c 00000098 T SDL_CursorQuit
001242d4 000001b0 T SDL_CreateCursor
00124484 00000090 T SDL_CursorInit
00124514 000000b8 T SDL_MoveCursor
001245cc 00000054 T SDL_FormatChanged
00124620 00000040 T SDL_FreeFormat
00124660 000004e0 T SDL_AllocFormat
00124b40 00000100 T SDL_ReallocFormat
00124c40 00000054 T SDL_CalculatePitch
00124c94 0000007c T SDL_FindColor
00124d10 00000064 T SDL_MapRGB
00124d74 0000005c T SDL_AllocBlitMap
00124dd0 00000038 T SDL_FreeBlitMap
00124e08 00000094 T SDL_LockSurface
00124e9c 00000064 T SDL_UnlockSurface
00124f00 00000480 T SDL_FillRect
00125380 00000150 T SDL_FreeSurface
001254d0 00000294 T SDL_CreateRGBSurface
00125764 00000190 T N3DS_PumpEvents
001258f4 00000004 T N3DS_InitOSKeymap
001258f8 00000018 T SDL_AppActiveInit
00125910 00000004 T SDL_AppActiveQuit
00125914 00000104 t copy_opaque_16
00125a18 00000120 t uncopy_opaque_16
00125b38 000000fc t copy_transl_565
00125c34 000000fc t copy_transl_555
00125d30 00000124 t uncopy_transl_16
00125e54 000000dc t copy_32
00125f30 00000110 t uncopy_32
00126040 00000008 t getpix_8
00126048 00000008 t getpix_16
00126050 00000018 t getpix_24
00126068 00000008 t getpix_32
00126070 000023ec T SDL_RLEBlit
0012845c 00000248 T SDL_UnRLESurface
001286a4 00000d84 T SDL_RLESurface
00129428 00000068 T _Eff_PositionDeinit
00129490 00000028 T _Mix_InitEffects
001294b8 00000004 T _Mix_DeinitEffects
001294bc 00000058 t _Mix_remove_all_effects
00129514 000000ac t Mix_DoEffects
001295c0 000000d4 T Mix_Init
00129694 0000005c T Mix_Quit
001296f0 00000098 T Mix_Volume
00129788 00000470 t mix_channels
00129bf8 000000f4 T Mix_HaltChannel
00129cec 0000012c T Mix_CloseAudio
00129e18 00000258 T Mix_OpenAudio
0012a070 00000088 t music_internal_volume
0012a0f8 000000a0 t music_internal_halt
0012a198 00000070 t music_internal_position
0012a208 000000d4 t music_internal_playing
0012a2dc 000001c8 t detect_music_type
0012a4a8 00000164 t music_internal_play
0012a610 0000007c t music_halt_or_loop.isra.0
0012a68c 000001f0 T music_mixer
0012a880 00000280 T open_music
0012ab00 0000008c T MIX_string_equals
0012ab8c 00000234 T Mix_LoadMUSType_RW
0012adc0 000001bc T Mix_LoadMUS
0012af7c 0000010c T Mix_FadeInMusicPos
0012b088 00000010 T Mix_FadeInMusic
0012b098 00000050 T Mix_VolumeMusic
0012b0e8 00000060 T close_music
0012b148 00000028 T WAVStream_Init
0012b170 00000010 T WAVStream_SetVolume
0012b180 00000650 T WAVStream_LoadSong_RW
0012b7d0 0000002c T WAVStream_Start
0012b7fc 000001b4 T WAVStream_PlaySome
0012b9b0 00000014 T WAVStream_Stop
0012b9c4 00000044 T WAVStream_Active
0012ba08 00000134 T Mix_InitMOD
0012bb3c 0000001c T Mix_QuitMOD
0012bb58 00000034 T LMM_Seek
0012bb8c 00000028 T LMM_Tell
0012bbb4 0000001c T LMM_Read
0012bbd0 00000034 T LMM_Get
0012bc04 00000034 T LMM_Eof
0012bc38 000001f4 T MOD_init
0012be2c 00000018 T MOD_exit
0012be44 00000014 T MOD_setvolume
0012be58 000000e8 T MikMod_LoadSongRW
0012bf40 000000a0 T MOD_new_RW
0012bfe0 00000010 T MOD_play
0012bff0 00000010 T MOD_playing
0012c000 000001fc T MOD_playAudio
0012c1fc 00000010 T MOD_stop
0012c20c 0000001c T MOD_jump_to_time
0012c228 000001cc t recompute_freq
0012c3f8 000004f4 t recompute_amp
0012c8ec 00000090 t finish_note
0012c97c 000000f0 t note_off
0012ca6c 00000078 t adjust_volume
0012cae4 000000e4 t do_compute_data.part.0
0012cbc8 00000090 t select_sample.isra.0
0012cc58 0000085c t start_note
0012d4b8 000005c4 t skip_to
0012da80 000003c8 t compute_data
0012de48 00000ca4 T Timidity_PlaySome
0012eaf0 00000114 T Timidity_SetVolume
0012ec04 000000a0 T Timidity_LoadSong_RW
0012eca8 0000009c T Timidity_Start
0012ed44 00000010 T Timidity_Active
0012ed54 00000014 T Timidity_Stop
0012ed68 00000050 T Timidity_Close
0012edb8 0000009c t compute_sample_increment
0012ee54 00000944 t groom_list
0012f798 00001378 t read_track
00130b10 000004ec T read_midi_file
00130ffc 00000004 T init_tables
00131000 00000a0c t read_config_file
00131a0c 000002d4 T Timidity_Init
00131ce0 0000000c T Timidity_Error
00131cec 00000064 T Mix_InitOgg
00131d50 0000001c T Mix_QuitOgg
00131d6c 0000002c t sdl_read_func
00131d98 00000010 t sdl_seek_func
00131da8 00000010 t sdl_tell_func
00131db8 00000148 t OGG_getsome
00131f00 00000028 T OGG_init
00131f28 00000008 T OGG_setvolume
00131f30 00000124 T OGG_new_RW
00132054 0000000c T OGG_play
00132060 00000008 T OGG_playing
00132068 0000009c T OGG_playAudio
00132104 0000000c T OGG_stop
00132110 00000030 T OGG_jump_to_time
00132140 0000013c t read_next_frame
0013227c 000000a0 T mad_openFileRW
0013231c 00000014 T mad_start
00132330 00000014 T mad_stop
00132344 00000014 T mad_isPlaying
00132358 00000284 T mad_getSamples
001325e0 000000f0 T mad_seek
001326d0 0000000c T mad_setVolume
001326dc 00000028 T close_file
00132704 000000a0 T skip
001327a4 0000007c T safe_malloc
00132820 00000048 T add_to_pathlist
00132868 000002cc T open_file
00132b34 00000050 T free_pathlist
00132b84 00000100 t free_layer
00132c84 000000c8 t free_old_bank
00132d4c 00000068 t free_bank
00132db8 00001310 t load_instrument.constprop.0
001340c8 000004d8 t fill_bank
001345a0 00000080 T load_missing_instruments
00134620 0000005c T free_instruments
0013467c 0000007c T set_default_instrument
001346f8 000000f8 T recompute_envelope
001347f0 000001f4 T apply_envelope_to_amp
001349e8 0000015c t update_signal
00134b44 00000e20 T mix_voice
00135964 00000038 T s32tos8
0013599c 00000040 T s32tou8
001359dc 00000048 T s32tos16
00135a24 0000004c T s32tou16
00135a70 0000004c T s32tos16x
00135abc 0000005c T s32tou16x
00135b18 000001d4 t update_vibrato
00135cec 00000a88 T resample_voice
00136778 000002d4 T pre_resample
00136a4c 00000018 t ctl_open
00136a64 00000014 t ctl_close
00136a78 00000008 t ctl_read
00136a80 00000004 t ctl_refresh
00136a84 00000004 t ctl_total_time
00136a88 00000004 t ctl_file_name
00136a8c 00000004 t ctl_program
00136a90 0000005c t cmsg
00136aec 00000004 t ctl_sustain
00136af0 00000004 t ctl_note
00136af4 00000004 t ctl_pitch_bend
00136af8 00000004 t ctl_volume
00136afc 00000004 t ctl_expression
00136b00 00000004 t ctl_panning
00136b04 00000004 t ctl_master_volume
00136b08 00000004 t ctl_current_time
00136b0c 00000004 t ctl_reset
00136b10 00000568 T antialiasing
00137078 00000024 t reduce_rational.part.0
0013709c 0000013c t scale_rational
001371d8 00000064 T mad_timer_compare
0013723c 00000214 T mad_timer_set
00137450 00000068 T mad_timer_add
001374b8 00000058 T mad_stream_init
00137510 00000024 T mad_stream_buffer
00137534 00000084 T mad_stream_sync
001375b8 00000254 t decode_header
0013780c 00000090 T mad_frame_init
0013789c 000004c8 T mad_header_decode
00137d64 000000d4 T mad_frame_decode
00137e38 00000f28 t dct32
00138d60 000004ec t synth_full
0013924c 000004b4 t synth_half
00139700 000000b8 T mad_synth_init
001397b8 000000c4 T mad_synth_frame
0013987c 00000560 T mad_layer_I
00139ddc 00000bdc T mad_layer_II
0013a9b8 00000a04 t III_imdct_s
0013b3bc 00002b00 t III_decode
0013debc 000007b8 T mad_layer_III
0013e674 0000000c T mad_bit_init
0013e680 00000028 T mad_bit_length
0013e6a8 00000014 T mad_bit_nextbyte
0013e6bc 00000048 T mad_bit_skip
0013e704 000000c0 T mad_bit_read
0013e7c4 00000494 T mad_bit_crc
0013ec58 00000008 t NS_IsThere
0013ec60 0000001c t NS_Update
0013ec7c 00000024 t NS_Exit
0013eca0 00000020 t NS_Init
0013ecc0 00000014 T MikMod_realloc
0013ecd4 0000005c T MikMod_malloc
0013ed30 00000048 T MikMod_calloc
0013ed78 0000000c T MikMod_free
0013ed84 00000078 T MikMod_strdup
0013edfc 0000001c T MikMod_strerror
0013ee18 000005f0 t MikMod_SetNumVoices_internal.part.7
0013f408 000001f0 t _mm_init
0013f5f8 00000054 T MD_SampleSpace
0013f64c 00000054 T MD_SampleLength
0013f6a0 000000dc T MikMod_InfoDriver
0013f77c 0000006c T MikMod_RegisterDriver
0013f7e8 00000074 T MD_SampleLoad
0013f85c 00000014 T MD_SampleUnload
0013f870 00000098 T Voice_SetVolume_internal
0013f908 0000005c T Voice_SetFrequency_internal
0013f964 00000094 T Voice_SetPanning_internal
0013f9f8 00000070 T Voice_Play_internal
0013fa68 00000044 T Voice_Stop_internal
0013faac 00000034 T Voice_Stopped_internal
0013fae0 00000004 T MikMod_Init
0013fae4 00000080 T MikMod_Exit
0013fb64 00000014 T MikMod_SetNumVoices_internal
0013fb78 00000054 T MikMod_EnableOutput
0013fbcc 00000030 T MikMod_DisableOutput_internal
0013fbfc 00000010 T MikMod_Active
0013fc0c 00000164 t ML_FreeEx
0013fd70 00000464 t Player_LoadGeneric_internal
001401d4 000000c4 T MikMod_InfoLoader
00140298 00000038 T _mm_registerloader
001402d0 000000a4 T ReadComment
00140374 00000158 T ReadLinedComment
001404cc 00000048 T AllocPositions
00140514 000000e8 T AllocPatterns
001405fc 0000004c T AllocTracks
00140648 00000098 T AllocInstruments
001406e0 00000090 T AllocSamples
00140770 00000148 T DupStr
001408b8 00000020 T Player_Free
001408d8 00000004 T Player_LoadGeneric
001408dc 000000f8 T MikMod_RegisterAllLoaders
001409d4 00000028 t DoKeyOff
001409fc 000000ac t DoITEffectW
00140aa8 00000058 t DoITEffectT
00140b00 000000a0 t DoITEffectP
00140ba0 00000098 t DoITEffectN
00140c38 00000038 t DoITEffectM
00140c70 00000068 t DoITEffectI
00140cd8 00000068 t DoXMEffectX2
00140d40 00000068 t DoXMEffectX1
00140da8 0000006c t DoXMEffectP
00140e14 000000a4 t DoXMEffectL
00140eb8 0000006c t DoXMEffectH
00140f24 00000028 t DoXMEffectG
00140f4c 00000050 t DoXMEffectEB
00140f9c 00000050 t DoXMEffectEA
00140fec 00000068 t DoXMEffectA
00141054 0000003c t DoS3MEffectT
00141090 0000007c t DoS3MEffectI
0014110c 0000005c t DoS3MEffectA
00141168 0000008c t DoPTEffectF
001411f4 000000f0 t DoPTEffectD
001412e4 00000040 t DoPTEffectC
00141324 000000f0 t DoPTEffectB
00141414 00000030 t DoPTEffect8
00141444 00000010 t DoNothing
00141454 0000010c t DoS3MEffectR
00141560 00000018 t DoMEDSpeed
00141578 00000050 t DoULTEffect9
001415c8 000001d8 t ProcessEnvelope.isra.0
001417a0 00000228 t DoNNAEffects.isra.7
001419c8 00000040 t DoXMEffectE2
00141a08 00000040 t DoXMEffectE1
00141a48 00000054 t DoKeyFade
00141a9c 0000016c t DoS3MEffectQ
00141c08 00000068 t DoPTEffect9
00141c70 00000054 t DoPTEffect2
00141cc4 00000054 t DoPTEffect1
00141d18 00000110 t DoITEffectY
00141e28 000000dc t DoITEffectU
00141f04 0000013c t DoPTEffect6
00142040 000000e8 t DoS3MEffectU
00142128 00000118 t DoPTEffect7
00142240 000003d4 t DoEEffects
00142614 00000184 t DoITEffectS0
00142798 000000dc t DoITEffectH
00142874 00000070 t DoPTEffectA
001428e4 0000008c t DoS3MEffectE
00142970 0000008c t DoS3MEffectF
001429fc 00000110 t DoPTEffect5
00142b0c 000000d8 t DoPTEffect3
00142be4 000000f8 t DoITEffectG
00142cdc 000000d8 t DoS3MEffectD
00142db4 0000011c t DoXMEffect6
00142ed0 000001c4 t DoPTEffect0
00143094 00000260 t DoOktArp
001432f4 000000ec t DoPTEffect4
001433e0 0000043c t DoVolEffects
0014381c 000003dc t DoPTEffectE
00143bf8 0000014c t DoMEDEffectF3
00143d44 00000140 t DoMEDEffectF1
00143e84 00000068 t DoMEDEffectF2
00143eec 00000018 T getlinearperiod
00143f04 00000078 T getfrequency
00143f7c 00001b18 T Player_HandleTick
00145a94 000002e8 T Player_Init
00145d7c 00000080 T Player_Exit_internal
00145dfc 0000002c T Player_SetVolume
00145e28 00000080 T Player_Start
00145ea8 00000060 T Player_Stop
00145f08 00000030 T Player_Active
00145f38 00000360 T Player_SetPosition
00146298 00000030 T UniSetRow
001462c8 0000002c T UniGetByte
001462f4 00000068 T UniGetWord
0014635c 00000080 T UniSkipOpcode
001463dc 00000058 T UniFindRow
00146434 00000028 T UniReset
0014645c 00000060 T UniWriteByte
001464bc 00000070 T UniWriteWord
0014652c 00000100 T UniNewline
0014662c 00000080 T UniDup
001466ac 0000002c T UniInit
001466d8 00000020 T UniCleanup
001466f8 0000020c t DitherSamples.part.1
00146904 0000005c T SL_Init
00146960 0000003c T SL_Exit
0014699c 00000b58 T SL_Load
001474f4 000000a0 T SL_RegisterSample
00147594 00000080 T SL_LoadSamples
00147614 00000024 T SL_Sample8to16
00147638 00000024 T SL_SampleSigned
0014765c 00000010 T VC_Init
0014766c 00000010 T VC_Exit
0014767c 00000010 T VC_SetNumVoices
0014768c 00000010 T VC_SampleSpace
0014769c 00000010 T VC_SampleLength
001476ac 00000010 T VC_PlayStart
001476bc 00000010 T VC_PlayStop
001476cc 00000010 T VC_SampleLoad
001476dc 00000010 T VC_SampleUnload
001476ec 00000010 T VC_WriteBytes
001476fc 00000010 T VC_VoiceSetVolume
0014770c 00000010 T VC_VoiceGetVolume
0014771c 00000010 T VC_VoiceSetFrequency
0014772c 00000010 T VC_VoiceGetFrequency
0014773c 00000010 T VC_VoiceSetPanning
0014774c 00000010 T VC_VoiceGetPanning
0014775c 00000024 T VC_VoicePlay
00147780 00000010 T VC_VoiceStop
00147790 00000010 T VC_VoiceStopped
001477a0 00000010 T VC_VoiceGetPosition
001477b0 00000010 T VC_VoiceRealVolume
001477c0 0000022c T VC_SetupPointers
001479ec 00000058 t S69_LoadTitle
00147a44 0000002c t S69_Cleanup
00147a70 0000017c t S69_Test
00147bec 000007a4 t S69_Load
00148390 0000003c t S69_Init
001483cc 00000058 t AMF_LoadTitle
00148424 0000002c t AMF_Cleanup
00148450 00000eb0 t AMF_Load
00149300 0000007c t AMF_Test
0014937c 0000003c t AMF_Init
001493b8 0000000c t ASY_LoadTitle
001493c4 0000002c t ASY_Cleanup
001493f0 0000066c t ASY_Load
00149a5c 00000078 t ASY_Test
00149ad4 0000002c t ASY_Init
00149b00 00000058 t DSM_LoadTitle
00149b58 0000002c t DSM_Cleanup
00149b84 00000060 t DSM_Test
00149be4 000000ec t GetBlockHeader
00149cd0 00000948 t DSM_Load
0014a618 0000003c t DSM_Init
0014a654 00000058 t FAR_LoadTitle
0014a6ac 00000038 t FAR_Cleanup
0014a6e4 00000920 t FAR_Load
0014b004 00000084 t FAR_Test
0014b088 00000058 t FAR_Init
0014b0e0 00000058 t GDM_LoadTitle
0014b138 0000002c t GDM_Cleanup
0014b164 00000d3c t GDM_Load
0014bea0 000000b0 t GDM_Test
0014bf50 00000038 t GDM_Init
0014bf88 00000058 t IMF_LoadTitle
0014bfe0 00000030 t IMF_Cleanup
0014c010 00000118 t IMF_Test
0014c128 0000034c t IMF_ProcessCmd.part.0
0014c474 0000160c t IMF_Load
0014da80 00000038 t IMF_Init
0014dab8 00000064 t LoadMidiString
0014db1c 00000058 t IT_LoadTitle
0014db74 0000007c t IT_Cleanup
0014dbf0 000001b0 t IT_LoadMidiConfiguration
0014dda0 00001d08 t IT_Load
0014faa8 00000048 t IT_Test
0014faf0 00000088 t IT_Init
0014fb78 00000060 t M15_LoadTitle
0014fbd8 0000002c t M15_Cleanup
0014fc04 00000028 t M15_Init
0014fc2c 000001e4 t LoadModuleHeader.part.0
0014fe10 00000328 t M15_Test
00150138 00000838 t M15_Load
00150970 000000bc t MED_LoadTitle
00150a2c 0000005c t MED_Cleanup
00150a88 000001c0 t EffectCvt
00150c48 0000100c t MED_Load
00151c54 00000058 t MED_Test
00151cac 00000058 t MED_Init
00151d04 00000060 t MOD_LoadTitle
00151d64 0000002c t MOD_Cleanup
00151d90 0000025c t ConvertNote
00151fec 0000002c t MOD_Init
00152018 000001c4 t MOD_Test
001521dc 00000ad8 t MOD_Load
00152cb4 00000058 t MTM_LoadTitle
00152d0c 0000002c t MTM_Cleanup
00152d38 000000c0 t MTM_Convert
00152df8 0000056c t MTM_Load
00153364 00000064 t MTM_Test
001533c8 0000003c t MTM_Init
00153404 0000000c t OKT_LoadTitle
00153410 0000006c t OKT_Test
0015347c 000009d0 t OKT_Load
00153e4c 00000058 t S3M_LoadTitle
00153ea4 00000060 t S3M_Cleanup
00153f04 0000005c t S3M_Test
00153f60 00000bd4 t S3M_Load
00154b34 0000006c t S3M_Init
00154ba0 00000058 t STM_LoadTitle
00154bf8 0000002c t STM_Cleanup
00154c24 000000c4 t STM_Test
00154ce8 0000084c t STM_Load
00155534 00000040 t STM_Init
00155574 00000058 t STX_LoadTitle
001555cc 0000004c t STX_Cleanup
00155618 00000b1c t STX_Load
00156134 000000e8 t STX_Test
0015621c 0000006c t STX_Init
00156288 00000008 t ULT_Init
00156290 00000004 t ULT_Cleanup
00156294 00000058 t ULT_LoadTitle
001562ec 00000064 t ULT_Test
00156350 000007ac t ULT_Load
00156afc 00000038 t UMX_Init
00156b34 00000074 t UMX_Load
00156ba8 00000084 t UMX_LoadTitle
00156c2c 00000048 t UMX_Cleanup
00156c74 000009dc t UMX_Test
00157650 00000008 t UNI_Init
00157658 00000024 t UNI_Cleanup
0015767c 000000a8 t UNI_Test
00157724 000000bc t UNI_LoadTitle
001577e0 0000185c t UNI_Load
0015903c 00000058 t FixEnvelope
00159094 00000058 t XM_LoadTitle
001590ec 00000020 t XM_Cleanup
0015910c 000003c8 t XM_Convert
001594d4 00000920 t LoadInstruments
00159df4 00000060 t XM_Test
00159e54 00000028 t XM_Init
00159e7c 000004e0 t LoadPatterns
0015a35c 0000062c t XM_Load
0015a988 00000028 t _mm_MemReader_Eof
0015a9b0 00000028 t _mm_MemReader_Get
0015a9d8 00000090 t _mm_MemReader_Seek
0015aa68 00000014 t _mm_MemReader_Tell
0015aa7c 000001e8 t _mm_MemReader_Read
0015ac64 00000020 T _mm_iobase_setcur
0015ac84 0000000c T _mm_iobase_revert
0015ac90 00000004 T _mm_delete_mem_reader
0015ac94 0000006c T _mm_new_mem_reader
0015ad00 00000024 T _mm_read_string
0015ad24 00000030 T _mm_read_M_UWORD
0015ad54 00000030 T _mm_read_I_UWORD
0015ad84 00000060 T _mm_read_M_ULONG
0015ade4 00000058 T _mm_read_I_ULONG
0015ae3c 00000034 T _mm_read_M_SWORD
0015ae70 00000030 T _mm_read_I_SWORD
0015aea0 00000060 T _mm_read_M_SLONG
0015af00 00000058 T _mm_read_I_SLONG
0015af58 00000064 T _mm_read_M_SWORDS
0015afbc 00000064 T _mm_read_M_UWORDS
0015b020 00000060 T _mm_read_I_SWORDS
0015b080 00000060 T _mm_read_I_UWORDS
0015b0e0 00000098 T _mm_read_M_ULONGS
0015b178 00000090 T _mm_read_I_ULONGS
0015b208 0000005c t MMCMP_GetBits.part.0
0015b264 0000086c T MMCMP_Unpack
0015bad0 00000520 T PP20_Unpack
0015bff0 0000006c t getb
0015c05c 000007e8 T S404_Unpack
0015c844 00000334 t copy_data
0015cb78 00000764 T XPK_Unpack
0015d2dc 00000074 T _mm_strcasecmp
0015d350 00000038 T AllocLinear
0015d388 00000024 T FreeLinear
0015d3ac 000000fc T speed_to_finetune
0015d4a8 000000ec T S3MIT_CreateOrders
0015d594 0000067c T S3MIT_ProcessCmd
0015dc10 00000050 T UniEffect
0015dc60 00000084 T UniPTEffect
0015dce4 00000034 T UniVolEffect
0015dd18 0000032c t MixReverb_Normal
0015e044 000004e0 t MixReverb_Stereo
0015e524 00000060 t MixLowPass_Stereo
0015e584 0000003c t MixLowPass_Normal
0015e5c0 00000098 T VC1_SilenceBytes
0015e658 0000003c T VC1_Exit
0015e694 0000001c T VC1_VoiceGetVolume
0015e6b0 0000001c T VC1_VoiceGetPanning
0015e6cc 0000001c T VC1_VoiceSetFrequency
0015e6e8 0000001c T VC1_VoiceGetFrequency
0015e704 00000048 T VC1_VoicePlay
0015e74c 00000020 T VC1_VoiceStop
0015e76c 00000024 T VC1_VoiceStopped
0015e790 00000028 T VC1_VoiceGetPosition
0015e7b8 00000038 T VC1_VoiceSetVolume
0015e7f0 00000038 T VC1_VoiceSetPanning
0015e828 00000038 T VC1_SampleUnload
0015e860 00000204 T VC1_SampleLoad
0015ea64 00000008 T VC1_SampleSpace
0015ea6c 00000020 T VC1_SampleLength
0015ea8c 000000b0 T VC1_VoiceRealVolume
0015eb3c 00001af4 T VC1_WriteSamples
00160630 000000f4 T VC1_WriteBytes
00160724 000000c4 T VC1_Init
001607e8 000002e0 T VC1_PlayStart
00160ac8 000000d4 T VC1_PlayStop
00160b9c 000000ac T VC1_SetNumVoices
00160c48 0000032c t MixReverb_Normal
00160f74 000004e0 t MixReverb_Stereo
00161454 00000060 t MixLowPass_Stereo
001614b4 0000003c t MixLowPass_Normal
001614f0 000000e0 t Mix32ToFP_Normal
001615d0 0000018c t Mix32ToFP_Stereo
0016175c 000000ec t Mix32To16_Normal
00161848 000001b0 t Mix32To16_Stereo
001619f8 000000dc t Mix32To8_Normal
00161ad4 00000190 t Mix32To8_Stereo
00161c64 00000098 T VC2_SilenceBytes
00161cfc 0000003c T VC2_Exit
00161d38 00000020 T VC2_VoiceGetVolume
00161d58 00000020 T VC2_VoiceGetPanning
00161d78 00000020 T VC2_VoiceSetFrequency
00161d98 00000020 T VC2_VoiceGetFrequency
00161db8 0000004c T VC2_VoicePlay
00161e04 00000024 T VC2_VoiceStop
00161e28 00000028 T VC2_VoiceStopped
00161e50 0000002c T VC2_VoiceGetPosition
00161e7c 0000003c T VC2_VoiceSetVolume
00161eb8 0000003c T VC2_VoiceSetPanning
00161ef4 00000038 T VC2_SampleUnload
00161f2c 00000204 T VC2_SampleLoad
00162130 00000008 T VC2_SampleSpace
00162138 00000020 T VC2_SampleLength
00162158 000000b4 T VC2_VoiceRealVolume
0016220c 000012f0 T VC2_WriteSamples
001634fc 000000f4 T VC2_WriteBytes
001635f0 00000118 T VC2_Init
00163708 000002f4 T VC2_PlayStart
001639fc 000000d4 T VC2_PlayStop
00163ad0 000000c0 T VC2_SetNumVoices
00163b90 00000124 t _get_next_page
00163cb4 00000104 t _initial_pcmoffset
00163db8 00000080 t _seek_helper
00163e38 00000098 t _make_decode_ready
00163ed0 00000208 t _get_prev_page_serial
001640d8 00000354 t _fetch_headers
0016442c 00000538 t _bisect_forward_serialno
00164964 0000036c t _fetch_and_process_packet.constprop.10
00164cd0 000000f4 T ov_clear
00164dc4 00000214 t _ov_open1
00164fd8 0000004c T ov_pcm_total
00165024 00000058 t ov_pcm_total.part.3
0016507c 000000a0 T ov_time_total
0016511c 00000058 t ov_time_total.part.4
00165174 0000049c T ov_raw_seek
00165610 000001ac t _open_seekable2
001657bc 000000a0 T ov_open_callbacks
0016585c 00000b08 T ov_pcm_seek_page
00166364 00000390 T ov_pcm_seek
001666f4 0000014c T ov_time_seek
00166840 00000058 T ov_info
00166898 0000017c T ov_read
00166a14 00000024 T vorbis_block_init
00166a38 00000074 T _vorbis_block_alloc
00166aac 00000078 T _vorbis_block_ripcord
00166b24 00000034 T vorbis_block_clear
00166b58 00000078 T vorbis_synthesis_restart
00166bd0 00000124 T vorbis_dsp_clear
00166cf4 000002cc T vorbis_synthesis_init
00166fc0 00000650 T vorbis_synthesis_blockin
00167610 00000074 T vorbis_synthesis_pcmout
00167684 00000030 T vorbis_synthesis_read
001676b4 000000b8 T _vorbis_window
0016776c 00000164 T _vorbis_apply_window
001678d0 000001c4 t _vorbis_synthesis1
00167a94 00000008 T vorbis_synthesis
00167a9c 00000008 T vorbis_synthesis_trackonly
00167aa4 00000088 T vorbis_packet_blocksize
00167b2c 00000018 T vorbis_comment_init
00167b44 0000008c T vorbis_comment_clear
00167bd0 00000014 T vorbis_info_blocksize
00167be4 00000040 T vorbis_info_init
00167c24 000001a8 T vorbis_info_clear
00167dcc 000000b0 T vorbis_synthesis_idheader
00167e7c 000006b0 T vorbis_synthesis_headerin
0016852c 000003d0 T vorbis_staticbook_unpack
001688fc 000001b0 T vorbis_book_decode
00168aac 00000550 T vorbis_book_decodevs_add
00168ffc 00000448 T vorbis_book_decodev_add
00169444 00000460 T vorbis_book_decodev_set
001698a4 00000424 T vorbis_book_decodevv_add
00169cc8 0000005c t bitreverse
00169d24 0000002c t sort32a
00169d50 00000024 T _ilog
00169d74 00000284 T _make_words
00169ff8 000000ac T _book_maptype1_quantvals
0016a0a4 00000728 t _book_unquantize.part.1
0016a7cc 00000034 T vorbis_staticbook_destroy
0016a800 0000006c T vorbis_book_clear
0016a86c 000004d0 T vorbis_book_init_decode
0016ad3c 00000018 t icomp
0016ad54 00000240 t floor1_inverse2
0016af94 00000324 t floor1_inverse1
0016b2b8 0000000c t floor1_free_look
0016b2c4 0000000c t floor1_free_info
0016b2d0 00000208 t floor1_look
0016b4d8 0000031c t floor1_unpack
0016b7f4 00000154 t floor0_inverse1
0016b948 0000000c t floor0_free_info
0016b954 0000011c t floor0_unpack
0016ba70 00000038 t floor0_free_look
0016baa8 00000244 t floor0_look
0016bcec 000003e0 T vorbis_lsp_to_curve
0016c0cc 0000006c t floor0_inverse2
0016c138 0000000c T res0_free_info
0016c144 00000218 T res0_unpack
0016c35c 000002a8 T res0_look
0016c604 000002bc t _01inverse
0016c8c0 00000068 T res0_inverse
0016c928 00000068 T res1_inverse
0016c990 00000254 T res2_inverse
0016cbe4 0000008c T res0_free_look
0016cc70 000004a8 t mapping0_inverse
0016d118 0000000c t mapping0_free_info
0016d124 00000140 t mapping0_look
0016d264 00000260 t mapping0_unpack
0016d4c4 00000090 t mapping0_free_look
0016d554 00001a00 T mdct_backward
0016ef54 00000100 t _os_update_crc
0016f054 0000012c t _packetout
0016f180 00000010 T ogg_page_continued
0016f190 00000010 T ogg_page_bos
0016f1a0 00000010 T ogg_page_eos
0016f1b0 00000044 T ogg_page_granulepos
0016f1f4 0000000c T ogg_page_serialno
0016f200 00000054 T ogg_stream_clear
0016f254 00000098 T ogg_stream_init
0016f2ec 00000078 t _os_body_expand
0016f364 0000008c t _os_lacing_expand
0016f3f0 00000078 T ogg_page_checksum_set
0016f468 00000030 T ogg_sync_init
0016f498 00000044 T ogg_sync_clear
0016f4dc 000000c8 T ogg_sync_buffer
0016f5a4 00000034 T ogg_sync_wrote
0016f5d8 000001d8 T ogg_sync_pageseek
0016f7b0 00000380 T ogg_stream_pagein
0016fb30 00000030 T ogg_sync_reset
0016fb60 00000068 T ogg_stream_reset
0016fbc8 00000068 T ogg_stream_reset_serialno
0016fc30 00000024 T ogg_stream_packetout
0016fc54 00000024 T ogg_stream_packetpeek
0016fc78 0000001c T oggpack_readinit
0016fc94 000000c4 T oggpack_look
0016fd58 00000064 T oggpack_adv
0016fdbc 000000fc T oggpack_read
0016feb8 00000014 T oggpack_bytes
0016fecc 00000200 T SDL_MixAudio
001700cc 00000004 W C3Di_LightEnvUpdate
001700d0 00000004 W C3Di_LightEnvDirty
001700d4 00000004 W C3Di_ProcTexUpdate
001700d8 00000004 W C3Di_ProcTexDirty
001700dc 000000b4 t C3Di_AptEventHook
00170190 00000004 W C3Di_GasUpdate
00170194 000001e0 T C3D_Init
00170374 00000098 T C3D_SetViewport
0017040c 000004ec T C3Di_UpdateContext
001708f8 000000e0 T C3Di_SplitFrame
001709d8 00000044 T C3D_Fini
00170a1c 00000108 T C3D_BindProgram
00170b24 0000004c t onVBlank0
00170b70 0000004c t onVBlank1
00170bbc 00000080 t C3Di_RenderTargetDestroy
00170c3c 000000f4 t onQueueFinish
00170d30 00000038 T C3Di_RenderQueueEnableVBlank
00170d68 00000030 T C3Di_RenderQueueDisableVBlank
00170d98 00000060 T C3Di_RenderQueueInit
00170df8 000000b0 T C3Di_RenderQueueExit
00170ea8 00000034 T C3Di_RenderQueueWaitDone
00170edc 000000e4 T C3D_FrameBegin
00170fc0 00000048 T C3D_FrameDrawOn
00171008 000001d8 T C3D_FrameEnd
001711e0 00000128 T C3D_RenderTargetCreate
00171308 000000f0 T C3D_RenderTargetDelete
001713f8 000000a8 T C3D_RenderTargetSetOutput
001714a0 000000f0 T C3D_SyncDisplayTransfer
00171590 000002a0 T C3D_TexInitWithParams
00171830 00000044 T C3D_TexBind
00171874 0000016c T C3Di_SetTex
001719e0 0000001c T C3D_CalcColorBufSize
001719fc 0000001c T C3D_CalcDepthBufSize
00171a18 00000044 T C3D_SetFrameBuf
00171a5c 0000016c T C3Di_FrameBufBind
00171bc8 000000cc T C3D_FrameBufClear
00171c94 00000044 T C3D_FrameBufTransfer
00171cd8 00000034 T C3D_GetTexEnv
00171d0c 00000024 T C3Di_TexEnvBind
00171d30 00000024 T BufInfo_Init
00171d54 00000020 T C3D_GetBufInfo
00171d74 00000048 T C3Di_BufInfoBind
00171dbc 00000040 T C3D_DepthMap
00171dfc 0000001c T C3D_CullFace
00171e18 00000040 T C3D_StencilTest
00171e58 00000024 T C3D_StencilOp
00171e7c 0000001c T C3D_BlendingColor
00171e98 00000024 T C3D_EarlyDepthTest
00171ebc 0000002c T C3D_DepthTest
00171ee8 0000002c T C3D_AlphaTest
00171f14 00000050 T C3D_AlphaBlend
00171f64 00000030 T C3D_FragOpMode
00171f94 00000044 T C3D_FragOpShadow
00171fd8 000001ac T C3Di_EffectBind
00172184 00000028 T AttrInfo_Init
001721ac 00000098 T AttrInfo_AddLoader
00172244 00000020 T C3D_GetAttrInfo
00172264 00000080 T C3Di_AttrInfoBind
001722e4 000000b8 T C3D_ImmDrawBegin
0017239c 000000a8 T C3D_ImmSendAttrib
00172444 00000070 T C3D_ImmDrawEnd
001724b4 0000029c T C3D_UpdateUniforms
00172750 000000c0 T C3Di_DirtyUniforms
00172810 000000d8 T C3Di_LoadShaderUniforms
001728e8 00000028 T C3Di_ClearShaderUniforms
00172910 000000cc T Mtx_OrthoTilt
001729dc 000001e0 T shaderInstanceInit
00172bbc 00000018 T shaderInstanceGetUniformLocation
00172bd4 0000001c T shaderProgramInit
00172bf0 00000064 T shaderProgramFree
00172c54 00000080 T shaderProgramSetVsh
00172cd4 000008c0 T shaderProgramConfigure
00173594 000001f8 t DVLE_GenerateOutmap.part.0
0017378c 000001cc T DVLB_ParseFile
00173958 00000038 T DVLB_Free
00173990 00000074 T DVLE_GetUniformRegister
00173a04 00000010 T GX_BindQueue
00173a14 00000078 T GX_ProcessCommandList
00173a8c 00000074 T GX_MemoryFill
00173b00 00000070 T GX_DisplayTransfer
00173b70 00000068 t gxCmdQueueDoCommands.part.0
00173bd8 000000c8 T gxCmdQueueInterrupt
00173ca0 0000004c T gxCmdQueueClear
00173cec 000000f8 T gxCmdQueueAdd
00173de4 00000080 T gxCmdQueueRun
00173e64 00000060 T gxCmdQueueStop
00173ec4 00000074 T gxCmdQueueWait
00173f38 0000013c T GPUCMD_Add
00174074 000000ac T GPUCMD_Split
00174120 00000040 T f32tof16
00174160 00000040 T f32tof24
001741a0 00000044 T f32tof31
001741e4 00000158 t ndspUpdateMaster
00174340 00000110 t ndspFinalize
00174450 00000318 t ndspThreadMain
00174768 0000024c t ndspInitialize.part.0
001749b4 000000fc t ndspHookCallback
00174ab0 000003dc T ndspInit
00174e8c 000000cc T ndspExit
00174f58 00000010 T ndspSetCallback
00174f68 000000c8 T ndspChnReset
00175030 00000018 T ndspChnSetFormat
00175048 00000050 T ndspChnSetInterp
00175098 00000064 T ndspChnSetRate
001750fc 00000088 T ndspChnSetMix
00175184 000000b8 T ndspChnWaveBufAdd
0017523c 00000040 T ndspiInitChn
0017527c 0000002c T ndspiDirtyChn
001752a8 00000480 T ndspiUpdateChn
00175728 00000180 T ndspiReadChnState
001758a8 000000a4 T cfguInit
0017594c 0000003c T cfguExit
00175988 0000004c T CFGU_GetConfigInfoBlk2
001759d8 00000074 T sqrt
00175a4c 00000008 T __ieee754_sqrt
00175a54 00000038 T __aeabi_d2lz
00175a54 00000038 T __fixdfdi
00175a90 00000040 T __aeabi_d2ulz
00175a90 00000040 T __fixunsdfdi
00175ad0 00000120 T __udivmoddi4
00175bf0 0000005c T __assert_func
00175c4c 0000000c T atoi
00175c58 00000078 T bsearch
00175cd0 00000028 T calloc
00175cf8 00000094 T _calloc_r
00175d8c 0000000c T __errno
00175d98 00000034 T exit
00175dcc 00000160 T _fclose_r
00175f2c 00000020 T fclose
00175f4c 00000258 T __sflush_r
001761a4 00000094 T _fflush_r
00176238 00000038 T fflush
00176270 000001a0 T _fgets_r
00176410 00000030 T fgets
00176440 0000000c T _cleanup_r
0017644c 00000184 T __sinit
001765d0 00000134 T __sfp
00176704 0000000c T __sfp_lock_acquire
00176710 0000000c T __sfp_lock_release
0017671c 0000003c T __libc_fini_array
00176758 0000003c T fiprintf
00176794 00000140 T _fopen_r
001768d4 00000028 T fopen
001768fc 0000003c T fprintf
00176938 000002d0 T _fread_r
00176c08 00000038 T fread
00176c40 000000f8 T _malloc_trim_r
00176d38 000002e4 T _free_r
0017701c 0000001c T _fseek_r
00177038 00000034 T fseek
0017706c 000004f8 T _fseeko_r
00177564 00000034 T ftell
00177598 000001bc T _ftello_r
00177754 00000068 T _fwalk
001777bc 00000070 T _fwalk_reent
0017782c 000000f8 T _fwrite_r
00177924 00000038 T fwrite
0017795c 00000024 T getenv
00177980 000000c8 T _findenv_r
00177a48 0000007c T __libc_init_array
00177ac4 00000138 T __smakebuf_r
00177bfc 00000094 T __swhatbuf_r
00177c90 00000028 T memalign
00177cb8 00000148 T _memalign_r
00177e00 00000020 T malloc
00177e20 00000020 T free
00177e40 000007f0 T _malloc_r
00178630 000000e0 T memchr
00178710 000000a8 T memcmp
001787b8 0000011c T memcpy
001788d4 00000154 T memmove
00178a28 00000118 T memset
00178b40 0000000c T __malloc_lock
00178b4c 0000000c T __malloc_unlock
00178b58 00000034 T printf
00178b8c 000000e0 T _puts_r
00178c6c 00000020 T puts
00178c8c 00000958 T qsort
001795e4 00000044 T rand
00179628 00000044 T random
0017966c 00000028 T realloc
00179694 00000598 T _realloc_r
00179c2c 0000001c t lflush
00179c48 000001ac T __srefill_r
00179df4 00000260 T setvbuf
0017a054 00000098 T _raise_r
0017a0ec 00000020 T raise
0017a10c 00000080 T signal
0017a18c 000000cc T snprintf
0017a258 00000064 T sprintf
0017a2bc 00000074 T sscanf
0017a330 00000044 T __sread
0017a374 00000008 T __seofread
0017a37c 00000068 T __swrite
0017a3e4 00000048 T __sseek
0017a42c 00000008 T __sclose
0017a434 00000064 T strcasecmp
0017a498 00000070 T strcat
0017a508 00000144 T strchr
0017a64c 000000f0 T strcpy
0017a73c 0000063c T _strerror_r
0017ad78 00000028 T strerror
0017ada0 00000088 T strlcpy
0017ae28 0000005c T strlen
0017ae84 000000ec T strncat
0017af70 000000dc T strncmp
0017b04c 000000c0 T strncpy
0017b10c 00000048 T strnlen
0017b154 00000044 T strrchr
0017b198 00000034 T strtok
0017b1cc 000000b4 T __strtok_r
0017b280 000001b0 t _strtol_l.part.0
0017b430 0000003c T _strtol_r
0017b46c 00000058 T strtol
0017b4c4 0000064c t get_arg
0017bb10 00003808 T _svfprintf_r
0017f318 00000050 t get_arg
0017f368 00002b68 T __ssvfscanf_r
00181ed0 0000003c T time
00181f0c 00000008 T _user_strerror
00181f14 0000064c t get_arg
00182560 00000034 T __sprint_r
00182594 00002584 T _vfiprintf_r
00184b18 000000d4 t __sbprintf
00184bec 0000064c t get_arg
00185238 000038d4 T _vfprintf_r
00188b0c 000000d4 t __sbprintf
00188be0 000000a4 T _vsnprintf_r
00188c84 00000038 T vsnprintf
00188cbc 00000054 T _wcrtomb_r
00188d10 00000028 T _wcsrtombs_r
00188d38 00000154 T __swsetup_r
00188e8c 00000014 T abort
00188ea0 00000114 T __call_exitprocs
00188fb4 000001a8 t quorem
00189160 000012ec T _dtoa_r
0018a44c 0000000c T __env_lock
0018a458 0000000c T __env_unlock
0018a464 000000c8 T __sflags
0018a52c 000004a4 T __sfvwrite_r
0018a9d0 00000008 T iswspace
0018a9d8 0000000c T _localeconv_r
0018a9e4 00000010 T __locale_mb_cur_max
0018a9f4 00000068 T _mbrtowc_r
0018aa5c 000002fc T __utf8_mbtowc
0018ad58 00000088 T _Balloc
0018ade0 0000001c T _Bfree
0018adfc 000000f4 T __multadd
0018aef0 00000110 T __s2b
0018b000 00000058 T __hi0bits
0018b058 0000009c T __lo0bits
0018b0f4 000000a4 T __i2b
0018b198 00000204 T __multiply
0018b39c 00000120 T __pow5mult
0018b4bc 0000013c T __lshift
0018b5f8 00000058 T __mcmp
0018b650 000001cc T __mdiff
0018b81c 00000088 T __ulp
0018b8a4 000000d4 T __b2d
0018b978 0000012c T __d2b
0018baa4 00000078 T __ratio
0018bb1c 00000088 T __copybits
0018bba4 0000005c T __any_on
0018bc00 000000e4 T __sccl
0018bce4 0000000c T nanf
0018bcf0 000000a8 T frexp
0018bd98 000000b8 T stpncpy
0018be50 0000130c T _strtod_l
0018d15c 0000000c T _strtod_r
0018d168 0000022c t _strtoll_l.constprop.0
0018d394 00000004 T _strtoll_r
0018d398 00000244 t _strtoull_l.constprop.0
0018d5dc 00000004 T _strtoull_r
0018d5e0 000001c8 t _strtoul_l.constprop.0
0018d7a8 00000004 T _strtoul_r
0018d7ac 00000188 T __ssprint_r
0018d934 000000e0 T _sungetc_r
0018da14 0000006c T __ssrefill_r
0018da80 000000c8 T _sfread_r
0018db48 000000a8 T __submore
0018dbf0 00000190 T _wcsnrtombs_l
0018dd80 0000004c T _wcsnrtombs_r
0018ddcc 000000f0 T __utf8_wctomb
0018debc 000000ec t rshift
0018dfa8 00000928 T __gethex
0018e8d0 0000004c T __match
0018e91c 0000029c T __hexnan
0018ebb8 0000003c T iswspace_l
0018ebf4 000001d4 t __jp2uc
0018edc8 0000009c T _jp2uc_l
0018ee68 00000010 T nan
0018ee78 00000084 T category
0018eefc 00000008 t null_write
0018ef04 00000018 T setDefaultDevice
0018ef1c 000000c8 T FindDevice
0018efe4 00000028 T RemoveDevice
0018f00c 0000009c T AddDevice
0018f0a8 00000020 T GetDeviceOpTab
0018f0c8 00000078 T _fstat_r
0018f140 00000014 T _getpid_r
0018f154 00000038 T _gettimeofday_r
0018f18c 00000008 T _isatty_r
0018f194 00000014 T _kill_r
0018f1a8 00000084 T _lseek_r
0018f22c 000000c8 T _open_r
0018f2f4 00000080 T _read_r
0018f374 00000078 T _sbrk_r
0018f3ec 00000080 T _write_r
0018f46c 00000024 T _exit
0018f490 000001b8 T _concatenate_path
0018f648 00000160 T chdir
0018f7a8 00000008 T __flockfile
0018f7b0 00000008 T __funlockfile
0018f7b8 00000018 T __libc_lock_acquire
0018f7d0 00000018 T __libc_lock_release
0018f7e8 00000018 T __libc_lock_init_recursive
0018f800 00000018 T __libc_lock_acquire_recursive
0018f818 00000018 T __libc_lock_release_recursive
0018f830 00000018 T __libc_lock_close_recursive
0018f848 0000008c T __release_handle
0018f8d4 000000b4 T __alloc_handle
0018f988 0000003c T __get_handle
0018f9c4 000000f4 T _close_r
0018fab8 00000068 t __dirnext
0018fb20 000000f4 T opendir
0018fc14 00000090 T closedir
0018fca4 000000b8 T readdir
0018fd5c 00000028 T __getreent
0018fd84 T _fini
00190000 00000017 r __func__.12
00190018 00000044 r stbi__bmask
0019005c 00000017 r __func__.21
00190074 00000015 r __func__.20
0019008c 00000040 r stbi__jbias
001900cc 0000004f r stbi__jpeg_dezigzag
0019011c 00000012 r __func__.10
00190130 00000024 r mul_table.9
00190154 00000024 r shift_table.8
00190178 00000010 r __func__.5
00190188 0000001f r __func__.0
001901a8 00000015 r __func__.13
001901c0 0000001b r __func__.17
001901dc 00000005 r first_row_filter
001901e4 00000009 r stbi__depth_scale_table
001901f0 00000013 r length_dezigzag.2
00190204 0000001f r __func__.4
00190224 00000120 r stbi__zdefault_length
00190344 00000020 r stbi__zdefault_distance
00190364 0000007c r stbi__zlength_base
001903e0 0000007c r stbi__zlength_extra
0019045c 00000080 r stbi__zdist_base
001904dc 00000080 r stbi__zdist_extra
0019055c 00000005 r tag.24
00190564 00000006 r tag.23
0019056c 00000003 r rgb.22
00190570 0000000f r __func__.11
00190584 00000008 r png_sig.19
001905fc 0000001d r __func__.16
0019061c 0000001b r __func__.15
00190638 00000010 r __func__.14
00190648 0000000f r __func__.7
00190658 00000020 r __func__.25
00190678 00000021 r __func__.6
001906f4 00000010 r __func__.6549
00190704 0000000f r __func__.6555
00190714 00000008 R mad_timer_zero
0019071c 0000012c r bitrate_table
00190848 0000000c r samplerate_table
00190854 0000000c r decoder_table
00190860 00000880 r D
001910e0 00000038 r linear_table
00191118 00000100 r sf_table
00191218 000000b4 r sbquant_table
001912cc 00000020 r bitalloc_table
001912ec 0000005a r offset_table
00191348 000000cc r qc_table
00191414 0000006c r sfbwidth_table
00191480 00000048 r nsfb_table
001914c8 00000020 r sflen_table
001914e8 00000016 r pretab
00191500 0000001c r root_table
0019151c 0000000f r __func__.6784
0019152c 00000078 r is_lsf_table
001915a4 0000001c r is_table
001915c0 0000000e r __func__.7071
001915d0 0000803c r rq_table
0019960c 00000027 r sfb_8000_mixed
00199634 00000027 r sfb_8000_short
0019965c 00000016 r sfb_8000_long
00199674 00000024 r sfb_16000_mixed
00199698 00000024 r sfb_22050_mixed
001996bc 00000024 r sfb_24000_mixed
001996e0 00000027 r sfb_16000_short
00199708 00000027 r sfb_22050_short
00199730 00000027 r sfb_24000_short
00199758 00000016 r sfb_22050_long
00199770 00000016 r sfb_24000_long
00199788 00000026 r sfb_32000_mixed
001997b0 00000026 r sfb_44100_mixed
001997d8 00000026 r sfb_48000_mixed
00199800 00000027 r sfb_32000_short
00199828 00000027 r sfb_44100_short
00199850 00000027 r sfb_48000_short
00199878 00000016 r sfb_32000_long
00199890 00000016 r sfb_44100_long
001998a8 00000016 r sfb_48000_long
001998c0 00000100 R mad_huff_pair_table
001999c0 00000008 R mad_huff_quad_table
001999c8 00000304 r hufftab24
00199ccc 00000324 r hufftab16
00199ff0 000002f8 r hufftab15
0019a2e8 0000031c r hufftab13
0019a604 000000c0 r hufftab12
0019a6c4 000000d0 r hufftab11
0019a794 000000cc r hufftab10
0019a860 0000006c r hufftab9
0019a8cc 00000084 r hufftab8
0019a950 00000080 r hufftab7
0019a9d0 00000038 r hufftab6
0019aa08 00000034 r hufftab5
0019aa3c 00000020 r hufftab3
0019aa5c 00000020 r hufftab2
0019aa7c 00000010 r hufftab1
0019aa8c 00000002 r hufftab0
0019aa90 00000020 r hufftabB
0019aab0 00000038 r hufftabA
0019aae8 00000200 r crc_table
0019ace8 0000018c r _mm_errmsg
0019ae74 00000014 r unpackers
0019ae88 00000020 R finetune
0019aea8 00000020 r VibratoTable
0019aec8 00000100 r PanbrelloTable
0019afc8 000000d0 r logtab
0019b098 00000030 r oldperiods
0019b0c8 00000c00 r lintab
0019bcc8 000000f8 r effects
0019bdc0 00000080 r avibtab
0019be40 0000007c R unioperands
0019bebc 00000008 r S69_Version
0019bec4 000000c0 r periodtable
0019bf84 00000008 r DSMSIG
0019bf8c 00000007 r FARSIG
0019bf94 00000018 r IT_Version
0019bfac 0000000a r portatable
0019bfb8 00000018 r S3M_Version
0019bfd0 00000010 r numeric
0019bfe0 0000000c r STM_Version
0019bfec 00000014 r mustype
0019c00c 00000040 r MMCMP16BitCommands
0019c04c 00000040 r MMCMP16BitFetch
0019c08c 00000020 r MMCMP8BitCommands
0019c0ac 00000020 r MMCMP8BitFetch
0019c0cc 00000038 r ctable
0019c104 000000a8 R npertab
0019c494 r .LC36
0019c4a0 r .LC37
0019c928 r .LC116
0019c930 r .LC117
0019cb34 00000070 r romFS_devoptab
0019cc08 00000030 r colorTable
0019cc38 00000070 r dotab_stdout
0019ccd8 00000008 r morton_x.3
0019cce0 00000008 r morton_y.2
0019cce8 00000008 r s_sleepWakeEvents.4
0019cd10 R default_font_bin
0019d510 R default_font_bin_end
0019d548 00000070 r archive_devoptab
0019d5b8 00000030 r error_table
0019d5e8 00000060 R __inv_pio4
0019d648 000000e0 R __sincosf_table
0019d728 00000080 r npio2_hw
0019d7a8 00000108 r two_over_pi
0019d8b0 00000870 R __exp_data
0019e120 00000040 r PIo2
0019e160 00000010 r init_jk
0019e170 00001048 R __pow_log_data
0019f280 00000014 r SDL_fatal_signals
0019f3b4 00000048 r format_list
0019f65c 00000010 r clearcolors
0019f66c 00000010 r displayTranferFlags
0019f67c 00000010 r textureTranferFlags
0019fe4c R vshader_shbin
0019ff70 R vshader_shbin_end
0019ff70 R vshader_shbin_size
0019ff74 00000010 r getpixes
001a03ec 00000200 r expr_curve
001a05ec 00000200 r vcurve
001a0b94 00000020 r label.5
001a1488 00000024 r note_name.0
001a1a6c r .LC2
001a1f44 00000800 r vwin1024
001a2744 00000100 r vwin128
001a2844 00001000 r vwin2048
001a3844 00000200 r vwin256
001a3a44 00002000 r vwin4096
001a5a44 00000400 r vwin512
001a5e44 00000080 r vwin64
001a5ec4 00004000 r vwin8192
001a9ec4 00000400 r FLOOR_fromdB_LOOKUP
001aa2c4 00000008 r ADJUST_SQRT2
001aa2cc 00000204 r COS_LOOKUP_I
001aa4d0 00000080 r FROMdB2_LOOKUP
001aa550 0000008c r FROMdB_LOOKUP
001aa5dc 00000104 r INVSQ_LOOKUP_I
001aa6e0 00000100 r INVSQ_LOOKUP_IDel
001aa7e0 00000070 r barklook
001aa850 00000010 r bitrev
001aa860 00001008 r sincos_lookup0
001ab868 00001000 r sincos_lookup1
001ac868 00002000 r crc_lookup
001ae868 00000084 r mask
001ae914 00000200 r mix8
001aeb14 00000038 r CSWTCH.18
001aeb4c 00000005 r colorFmtSizes
001aeb54 00000004 r depthFmtSizes
001aeb60 00000011 r dsp_filename.0
001aebcc 00000101 R _ctype_
001aecd0 00000004 R _global_impure_ptr
001af410 00000010 r blanks.1
001af420 00000010 r zeroes.0
001af438 00000022 r basefix.0
001af45c 00000010 r blanks.1
001af46c 00000010 r zeroes.0
001af47c 00000010 r blanks.1
001af48c 00000010 r zeroes.0
001af588 00000028 R __mprec_bigtens
001af5b0 000000c8 R __mprec_tens
001af678 0000000c r p05.0
001af694 00000014 r fpi.1
001af6a8 00000014 r fpinan.0
001af6c0 00000028 r tinytens
001af6e8 0000006c R __action_table
001af754 00000100 R __chclass
001af854 0000006c R __state_table
001af908 00000100 R __hexdig
001afa1c 000000bc r a1
001afad8 000000bc r a2
001afb94 0000005b r a3
001afbf0 00000070 r a6
001afc60 000000a2 r a7
001afd04 00000040 r a8
001afd44 0000172a r b02cf
001b1470 00001a7c r d02f4
001b2eec 0000000c R _C_numeric_locale
001b2ef8 000031e6 r categories
001b60e0 00000070 R dotab_stdnull
001b6150 r 
001b6150 R __exidx_end
001b6150 R __exidx_start
001b7000 0000000c d stbi__stdio_callbacks
001b700c 00000004 d stbi__l2h_gamma
001b7010 00000004 d stbi__l2h_scale
001b7014 00000004 d stbi__h2l_gamma_i
001b7018 00000004 d stbi__h2l_scale_i
001b701c 00000019 d invalid_chunk.18
001b7038 00000004 D G_
001b703c 00000004 D B_
001b7040 00000004 D A_
001b7044 0000007c D drv_nos
001b70c0 00000002 D md_mode
001b70c2 00000002 d olddevice
001b70c4 00000004 D md_player
001b70c8 00000001 D md_musicvolume
001b70c9 00000001 D md_sndfxvolume
001b70ca 00000001 D md_volume
001b70cb 00000001 D md_pansep
001b70cc 00000004 d firstcall.8893
001b70d0 00000002 D md_bpm
001b70d2 00000002 D md_mixfreq
001b70d4 00000004 d VC_Init_ptr
001b70d8 00000004 d VC_Exit_ptr
001b70dc 00000020 D load_669
001b70fc 00000017 d AMF_Version
001b7114 00000020 D load_amf
001b7134 0000000b d asylum
001b7140 00000020 D load_asy
001b7160 00000010 d DSM_Version
001b7170 00000020 D load_dsm
001b7190 0000000a d FAR_Version
001b719c 00000020 D load_far
001b71bc 00000017 d GDM_Version
001b71d4 00000020 D load_gdm
001b71f4 0000000e d IMF_Version
001b7204 00000020 D load_imf
001b7224 00000020 D load_it
001b7244 00000020 D load_m15
001b7264 0000000f d MED_Version
001b7274 00000020 D load_med
001b7294 0000000c d fasttracker
001b72a0 0000000c d taketracker
001b72ac 0000000c d startrekker
001b72b8 0000001b d orpheus
001b72d4 0000000a d oktalyser
001b72e0 0000000a d oktalyzer
001b72ec 0000000b d protracker
001b72f8 00000020 D load_mod
001b7318 00000004 d MTM_Version
001b731c 00000020 D load_mtm
001b733c 00000020 D load_okt
001b735c 00000020 D load_s3m
001b737c 00000020 D load_stm
001b739c 00000020 D load_stx
001b73bc 00000013 d ULT_Version
001b73d0 00000020 D load_ult
001b73f0 00000020 D load_umx
001b7410 00000020 D load_uni
001b7430 00000020 D load_xm
001b7450 0000000c D STM_Version
001b745c 0000000c D STM_Signatures
001b7468 00000004 D currentConsole
001b746c 0000004c D defaultConsole
001b74b8 00000001 d firstConsoleInit.0
001b74bc 00000004 d kCount
001b74c0 00000004 d kDelay
001b74c4 00000004 d kInterval
001b74c8 W __stacksize__
001b74cc 00000001 D __fdlib_version
001b74d0 00000010 D N3DSAUD_bootstrap
001b74e0 00000010 D N3DS_bootstrap
001b74f0 00000004 D SDL_cursorstate
001b74f4 00000020 d default_cdata
001b7514 00000020 d default_cmask
001b7534 00000004 d palette_changed
001b7538 00000004 d mix_music
001b753c 00000004 D music_active
001b7540 00000004 d music_volume
001b7544 00000004 d wavestream_volume
001b7548 00000004 D amplification
001b754c 00000004 D drumchannels
001b7550 00000004 D voices
001b7558 00000400 D bend_coarse
001b7958 00000800 D bend_fine
001b8158 00000200 D freq_table
001b8358 00000400 D vol_table
001b8758 00003e80 D xmap
001bc5d8 00000004 D ctl
001bc5dc 00000208 D drumset
001bc7e4 00000004 D max_patch_memory
001bc7e8 00000208 D tonebank
001bc9f0 00000004 D play_mode
001bc9f4 0000000c D sdl_play_mode
001bca00 0000005c D sdl_control_mode
001bca5c 00000008 D _floor_P
001bca64 00000004 D _mapping_P
001bca68 0000000c D _residue_P
001bca74 00000018 D floor1_exportbundle
001bca8c 00000018 D floor0_exportbundle
001bcaa4 00000014 D residue0_exportbundle
001bcab8 00000014 D residue1_exportbundle
001bcacc 00000014 D residue2_exportbundle
001bcae0 00000014 D mapping0_exportbundle
001bcaf4 00000004 d framerate
001bcaf8 00000008 d framerateCounter
001bcb00 00000004 d queueLock
001bcb04 0000000c d __sfp_recursive_mutex
001bcb10 0000000c d __sinit_recursive_mutex
001bcb1c 00000004 D _impure_ptr
001bcb20 00000460 d impure_data
001bcf80 00000408 D __malloc_av_
001bd388 00000004 D __malloc_sbrk_base
001bd38c 00000004 D __malloc_trim_threshold
001bd390 0000000c d __malloc_recursive_mutex
001bd39c 0000000c D __atexit_recursive_mutex
001bd3a8 00000004 D environ
001bd3ac 0000000c d __env_recursive_mutex
001bd3b8 0000016c D __global_locale
001bd524 00000002 d numempty
001bd528 00000004 d defaultDevice
001bd52c 0000008c D devoptab_list
001bd5b8 00000400 d _current_working_directory
001bd9b8 00000004 d __hndl_lock
001bd9bc 0000000c d __stderr_handle
001bd9c8 0000000c d __stdin_handle
001bd9d4 0000000c d __stdout_handle
001bd9e0 00001000 d handles
001be9e8 d _GLOBAL_OFFSET_TABLE_
001be9f4 d __frame_dummy_init_array_entry
001be9f4 D __init_array_start
001be9f4 B __preinit_array_end
001be9f4 B __preinit_array_start
001be9f4 D __tdata_lma
001be9f4 D __tdata_lma_end
001be9f8 d __do_global_dtors_aux_fini_array_entry
001be9f8 D __fini_array_start
001be9f8 D __init_array_end
001be9fc D __bss_start__
001be9fc D __fini_array_end
001be9fc 00000004 b stbi__vertically_flip_on_load_global
001bea00 00000004 b stbi__de_iphone_flag
001bea04 00000004 b stbi__unpremultiply_on_load
001bea08 00000c00 B charsprites
001bf608 00000004 B surf
001bf60c 00000004 B dbuff
001bf610 00000004 B R_
001bf614 00000010 B actualSurf
001bf624 00000004 B fb
001bf628 0000000c B heighttex
001bf634 0000000c B colortex
001bf640 0000001c B camera
001bf65c 00000004 B ifb
001bf660 00000004 b zerobuf
001bf664 00000004 B _mm_errorhandler
001bf668 00000004 B MikMod_critical
001bf66c 00000004 B MikMod_errno
001bf670 00000004 b isplaying
001bf674 00000004 B md_driver
001bf678 00000001 B md_numchn
001bf67c 00000004 b sfxinfo
001bf680 00000004 b md_sample
001bf684 00000001 B md_sngchn
001bf685 00000001 B md_sfxchn
001bf686 00000001 B md_hardchn
001bf687 00000001 B md_softchn
001bf688 00000004 b initialized
001bf68c 00000004 b sfxpool
001bf690 00000002 B md_device
001bf694 00000004 b firstdriver
001bf698 00000004 B vc_callback
001bf69c 00000004 B _mm_mutex_lists
001bf6a0 00000004 B _mm_mutex_vars
001bf6a4 00000001 B md_reverb
001bf6a8 00000004 b firstloader
001bf6ac 00000004 B pf
001bf6b0 00000004 b rowpc
001bf6b4 00000004 b rowend
001bf6b8 00000001 b lastbyte
001bf6ba 00000002 b unitt
001bf6bc 00000002 b unipc
001bf6be 00000002 b lastp
001bf6c0 00000004 b unibuf
001bf6c4 00000002 b unimax
001bf6c8 00000004 b sl_buffer
001bf6cc 00000004 b sl_rlength
001bf6d0 00000002 b sl_old
001bf6d4 00000004 b musiclist
001bf6d8 00000004 b sndfxlist
001bf6dc 00000004 b VC_SetNumVoices_ptr
001bf6e0 00000004 b VC_SampleSpace_ptr
001bf6e4 00000004 b VC_SampleLength_ptr
001bf6e8 00000004 b VC_PlayStart_ptr
001bf6ec 00000004 b VC_PlayStop_ptr
001bf6f0 00000004 b VC_SampleLoad_ptr
001bf6f4 00000004 b VC_SampleUnload_ptr
001bf6f8 00000004 b VC_WriteBytes_ptr
001bf6fc 00000004 b VC_SilenceBytes_ptr
001bf700 00000004 b VC_VoiceSetVolume_ptr
001bf704 00000004 b VC_VoiceGetVolume_ptr
001bf708 00000004 b VC_VoiceSetFrequency_ptr
001bf70c 00000004 b VC_VoiceGetFrequency_ptr
001bf710 00000004 b VC_VoiceSetPanning_ptr
001bf714 00000004 b VC_VoiceGetPanning_ptr
001bf718 00000004 b VC_VoicePlay_ptr
001bf71c 00000004 b VC_VoiceStop_ptr
001bf720 00000004 b VC_VoiceStopped_ptr
001bf724 00000004 b VC_VoiceGetPosition_ptr
001bf728 00000004 b VC_VoiceRealVolume_ptr
001bf72c 00000004 b s69pat
001bf730 00000004 b mh
001bf734 00000004 b mh
001bf738 00000004 b track
001bf73c 00000004 b mh
001bf740 00000004 b patbuf
001bf744 00000004 b modtype
001bf748 00000004 b dsmbuf
001bf74c 00000004 b mh
001bf750 00000004 b blocklp
001bf754 00000004 b blockln
001bf758 00000004 b blockid
001bf75c 00000004 b mh1
001bf760 00000004 b mh2
001bf764 00000004 b pat
001bf768 00000004 b mh
001bf76c 00000004 b gdmbuf
001bf770 00000004 b imfpat
001bf774 00000004 b mh
001bf778 00000004 b mh
001bf77c 00000004 b itpat
001bf780 00000004 b mask
001bf784 00000004 b last
001bf788 00000004 b paraptr
001bf78c 00000004 b numtrk
001bf790 00000004 b old_effect
001bf794 00000004 b mh
001bf798 00000004 b patbuf
001bf79c 00000004 b ust_loader
001bf7a0 00000004 b me
001bf7a4 00000004 b mh
001bf7a8 00000004 b ms
001bf7ac 00000004 b ba
001bf7b0 00000004 b mmd0pat
001bf7b4 00000004 b mmd1pat
001bf7b8 00000004 b bpmtempos
001bf7bc 00000004 b decimalvolumes
001bf7c0 00000004 b mh
001bf7c4 00000004 b patbuf
001bf7c8 00000004 b modtype
001bf7cc 00000004 b trekker
001bf7d0 00000004 b mtmtrk
001bf7d4 00000004 b mh
001bf7d8 00000040 b pat
001bf818 00000004 b okttrk
001bf81c 00000004 b s3mbuf
001bf820 00000004 b paraptr
001bf824 00000004 b mh
001bf828 00000004 b tracker
001bf82c 00000004 b mh
001bf830 00000004 b stmbuf
001bf834 00000004 b stxbuf
001bf838 00000004 b paraptr
001bf83c 00000004 b mh
001bf840 00000005 b ev
001bf848 00000004 b umx_data
001bf84c 00000004 b wh
001bf850 00000004 b s
001bf854 0000013c b mh
001bf990 00000002 b universion
001bf994 00000004 b mh
001bf998 00000004 b nextwav
001bf99c 00000004 b wh
001bf9a0 00000004 b s
001bf9a4 00000004 b xmpat
001bf9a8 00000004 B noteindex
001bf9ac 00000004 b noteindexcount
001bf9b0 00000004 B poslookup
001bf9b4 00000004 B origpositions
001bf9b8 00000004 b RVRindex
001bf9bc 00000004 b RVc1
001bf9c0 00000004 b RVc2
001bf9c4 00000004 b RVc3
001bf9c8 00000004 b RVc4
001bf9cc 00000004 b RVc5
001bf9d0 00000004 b RVc6
001bf9d4 00000004 b RVc7
001bf9d8 00000004 b RVc8
001bf9dc 00000004 b RVbufL1
001bf9e0 00000004 b RVbufL2
001bf9e4 00000004 b RVbufL3
001bf9e8 00000004 b RVbufL4
001bf9ec 00000004 b RVbufL5
001bf9f0 00000004 b RVbufL6
001bf9f4 00000004 b RVbufL7
001bf9f8 00000004 b RVbufL8
001bf9fc 00000004 b RVbufR1
001bfa00 00000004 b RVbufR2
001bfa04 00000004 b RVbufR3
001bfa08 00000004 b RVbufR4
001bfa0c 00000004 b RVbufR5
001bfa10 00000004 b RVbufR6
001bfa14 00000004 b RVbufR7
001bfa18 00000004 b RVbufR8
001bfa1c 00000004 b nLeftNR
001bfa20 00000004 b nRightNR
001bfa24 00000002 b vc_mode
001bfa28 00000004 b vinf
001bfa2c 00000004 b vc_tickbuf
001bfa30 00000004 b Samples
001bfa34 00000004 b tickleft
001bfa38 00000004 b samplesthatfit
001bfa3c 00000004 b vc_softchn
001bfa40 00000008 b idxlend
001bfa48 00000008 b idxsize
001bfa50 00000008 b idxlpos
001bfa58 00000004 b vnf
001bfa5c 00000004 b MixLowPass
001bfa60 00000004 b MixReverb
001bfa68 00000004 b RVRindex
001bfa6c 00000004 b RVc1
001bfa70 00000004 b RVc2
001bfa74 00000004 b RVc3
001bfa78 00000004 b RVc4
001bfa7c 00000004 b RVc5
001bfa80 00000004 b RVc6
001bfa84 00000004 b RVc7
001bfa88 00000004 b RVc8
001bfa8c 00000004 b RVbufL1
001bfa90 00000004 b RVbufL2
001bfa94 00000004 b RVbufL3
001bfa98 00000004 b RVbufL4
001bfa9c 00000004 b RVbufL5
001bfaa0 00000004 b RVbufL6
001bfaa4 00000004 b RVbufL7
001bfaa8 00000004 b RVbufL8
001bfaac 00000004 b RVbufR1
001bfab0 00000004 b RVbufR2
001bfab4 00000004 b RVbufR3
001bfab8 00000004 b RVbufR4
001bfabc 00000004 b RVbufR5
001bfac0 00000004 b RVbufR6
001bfac4 00000004 b RVbufR7
001bfac8 00000004 b RVbufR8
001bfacc 00000004 b nLeftNR
001bfad0 00000004 b nRightNR
001bfad4 00000002 b vc_mode
001bfad8 00000004 b vinf
001bfadc 00000004 b vc_tickbuf
001bfae0 00000004 b Samples
001bfae4 00000004 b tickleft
001bfae8 00000004 b samplesthatfit
001bfaec 00000004 b vc_softchn
001bfaf0 00000008 b idxlend
001bfaf8 00000008 b idxsize
001bfb00 00000008 b idxlpos
001bfb08 00000004 b vnf
001bfb0c 00000004 b MixLowPass
001bfb10 00000004 b MixReverb
001bfb14 00000004 b Mix32toFP
001bfb18 00000004 b Mix32to16
001bfb1c 00000004 b Mix32to8
001bfb20 b completed.1
001bfb24 b object.0
001bfb3c 00000008 b sLinearPool
001bfb44 0000000c b sAddrMap
001bfb50 00000004 V __romfs_path
001bfb54 00000004 b romfs_mount_list
001bfb58 0000004c B currentCopy
001bfba4 00000004 b gfxBottomFramebufferMaxSize
001bfba8 00000008 b gfxBottomFramebuffers
001bfbb0 00000002 b gfxCurBuf
001bfbb4 00000002 b gfxFramebufferFormats
001bfbb8 00000002 b gfxIsDoubleBuf
001bfbba 00000001 b gfxIsVram
001bfbbc 00000004 b gfxTopFramebufferMaxSize
001bfbc0 00000008 b gfxTopFramebuffers
001bfbc8 00000001 b gfxTopMode
001bfbcc 00000004 b screenAlloc
001bfbd0 00000004 b screenFree
001bfbd4 00000001 b dspComponentLoaded
001bfbd8 00000008 b dspFirstHook
001bfbe0 00000004 b dspHandle
001bfbe4 00000004 b dspRefCount
001bfbe8 00000004 b dspSavedCompBin
001bfbec 00000002 b dspSavedCompDataMask
001bfbee 00000002 b dspSavedCompProgMask
001bfbf0 00000004 b dspSavedCompSize
001bfbf4 00000001 b dspSleeping
001bfbf8 00000004 b gspEvent
001bfbfc 0000001c b gspEventCb
001bfc18 0000001c b gspEventCbData
001bfc34 00000007 b gspEventCbOneShot
001bfc3c 00000004 b gspEventThread
001bfc40 00000038 b gspEvents
001bfc78 00000004 b gspGpuHandle
001bfc7c 00000001 b gspGpuRight
001bfc80 00000004 b gspLastEvent
001bfc84 00000004 b gspRefCount
001bfc88 00000001 b gspRunEvents
001bfc8c 00000004 b gspSharedMem
001bfc90 00000004 b gspSharedMemHandle
001bfc94 00000001 b gspThreadId
001bfc95 00000001 b aptChainloadFlags
001bfc96 00000001 b aptChainloadMediatype
001bfc98 00000008 b aptChainloadTid
001bfca0 00000004 b aptEventHandlerThread
001bfca4 00000001 b aptEventHandlerThreadQuit
001bfca8 00000008 b aptEvents
001bfcb0 0000000c b aptFirstHook
001bfcbc 00000004 b aptFlags
001bfcc0 00000001 b aptHomeButtonState
001bfcc4 00000004 b aptLockHandle
001bfcc8 00000004 b aptMessageFunc
001bfccc 00000004 b aptMessageFuncData
001bfcd0 00001000 b aptParameters
001c0cd0 00000008 b aptReceiveEvent
001c0cd8 00000004 b aptRefCount
001c0cdc 00000008 b aptSleepEvent
001c0ce4 00000001 b flagInit.1
001c0ce5 00000001 b flagValue.0
001c0ce8 00000004 b serviceName.6
001c0cec 00000006 b aVec
001c0cf4 00000004 b cPos
001c0cf8 00000006 b gRate
001c0d00 00000014 B hidEvents
001c0d14 00000004 B hidHandle
001c0d18 00000004 B hidMemHandle
001c0d1c 00000004 b hidRefCount
001c0d20 00000004 B hidSharedMem
001c0d24 00000004 b kDown
001c0d28 00000004 b kHeld
001c0d2c 00000004 b kOld
001c0d30 00000004 b kRepeat
001c0d34 00000004 b kUp
001c0d38 00000004 b tPos
001c0d3c 00000001 b usingIrrst
001c0d40 00000080 b fsExemptArchives
001c0dc0 00000004 b fsuHandle
001c0dc4 00000004 b fsuRefCount
001c0dc8 00000004 B __ctru_heap
001c0dcc 00000004 V __ctru_heap_size
001c0dd0 00000004 B __ctru_linear_heap
001c0dd4 00000004 V __ctru_linear_heap_size
001c0dd8 00000004 B __system_retAddr
001c0ddc 00000004 B __system_argc
001c0de0 00000004 B __system_argv
001c0de4 b saved_stack
001c0dec 0000000c b sAddrMap
001c0df8 00000008 b sVramPool
001c0e00 00000004 b arbiter
001c0e04 00000001 V __ctru_speedup
001c0e08 00000004 b srvHandle
001c0e0c 00000004 b srvRefCount
001c0e10 00000004 b currentAddr
001c0e14 00000004 b maxAddr
001c0e18 00000004 b minAddr
001c0e1c 00000004 b csPos
001c0e20 00000004 B irrstEvent
001c0e24 00000004 B irrstHandle
001c0e28 00000004 B irrstMemHandle
001c0e2c 00000004 b irrstRefCount
001c0e30 00000004 B irrstSharedMem
001c0e34 00000004 b kHeld
001c0e38 00000004 b srvPmHandle
001c0e3c 00000004 b ptmSysmHandle
001c0e40 00000004 b ptmSysmRefCount
001c0e44 00000004 b archive_device_cwd
001c0e48 00000540 b archive_devices
001c1388 00000001 b archive_initialized
001c138c 00000004 b SDL_initialized
001c1390 00000004 b ticks_started
001c1394 00000400 b errmsg.0
001c1794 00000004 B current_audio
001c1798 00000004 b format_idx
001c179c 00000004 b format_idx_sub
001c17a0 00000004 b SDL_Threads
001c17a8 00000308 b SDL_global_error
001c1ab0 00000004 b SDL_maxthreads
001c1ab4 00000004 b SDL_numthreads
001c1ab8 00000004 b thread_lock
001c1abc 00000004 B SDL_alarm_callback
001c1ac0 00000004 B SDL_alarm_interval
001c1ac4 00000004 b SDL_timer_mutex
001c1ac8 00000004 B SDL_timer_running
001c1acc 00000004 B SDL_timer_started
001c1ad0 00000004 b SDL_timer_threaded
001c1ad4 00000004 b SDL_timers
001c1ad8 00000001 b list_changed
001c1adc 00000004 B current_video
001c1ae0 00000004 B SDL_allocatedjoysticks
001c1ae4 00000004 B SDL_joysticks
001c1ae8 00000001 B SDL_numjoysticks
001c1af0 00000008 b g_startTicks
001c1af8 00000004 b g_audDev
001c1afc 00000008 b g_dspHook
001c1b04 00000004 B key_press
001c1b08 00000004 B key_release
001c1b0c 00000004 B old_cs_x
001c1b10 00000004 B old_cs_y
001c1b14 00000004 B old_x
001c1b18 00000004 B old_y
001c1b1c 00000004 b RenderClearColor
001c1b20 00000004 B VideoSurface1
001c1b24 00000004 B VideoSurface2
001c1b28 00000008 B privateVideoThreadEvent
001c1b30 00000004 B privateVideoThreadHandle
001c1b34 00000014 b program
001c1b48 00000040 b projection
001c1b88 00000040 b projection2
001c1bc8 00000001 B runThread
001c1bcc 00000004 B setVideoModecount
001c1bd0 00000018 b spritesheet_tex
001c1be8 00000004 b uLoc_projection
001c1bec 00000004 b vshader_dvlb
001c1bf0 00000008 b SDL_EventLock
001c1bf8 00000004 B SDL_EventOK
001c1bfc 00000c14 b SDL_EventQ
001c2810 00000004 b SDL_EventThread
001c2814 00000020 B SDL_ProcessEvents
001c2834 00000004 b SDL_eventstate
001c2838 00000004 b event_thread
001c283c 00000020 B SDL_KeyRepeat
001c285c 00000143 b SDL_KeyState
001c29a0 00000002 b SDL_ModState
001c29a2 00000001 b SDL_NoLockKeys
001c29a4 00000004 B SDL_TranslateUNICODE
001c29a8 0000050c b keynames
001c2eb4 00000001 b SDL_ButtonState
001c2eb6 00000002 b SDL_DeltaX
001c2eb8 00000002 b SDL_DeltaY
001c2eba 00000002 b SDL_MouseMaxX
001c2ebc 00000002 b SDL_MouseMaxY
001c2ebe 00000002 b SDL_MouseX
001c2ec0 00000002 b SDL_MouseY
001c2ec4 00000004 B SDL_cursor
001c2ec8 00000004 B SDL_cursorlock
001c2ecc 00000004 b SDL_defcursor
001c2ed0 00000002 b pixels8
001c2ed4 00000004 b format_version.0
001c2ed8 00000001 b pushedQuit.0
001c2ed9 00000001 b SDL_appstate
001c2edc 00000004 b pos_args_array
001c2ee0 00000004 b pos_args_global
001c2ee4 00000004 b position_channels
001c2ee8 00000004 B _Mix_effects_max_speed
001c2eec 00000004 b audio_opened
001c2ef0 00000004 b channel_done_callback
001c2ef4 00000004 b chunk_decoders
001c2ef8 00000004 b initialized
001c2efc 00000004 b mix_channel
001c2f00 00000004 b mix_postmix
001c2f04 00000004 b mix_postmix_data
001c2f08 00000018 b mixer
001c2f20 00000004 b music_data
001c2f24 00000004 b num_channels
001c2f28 00000004 b num_decoders
001c2f2c 00000004 b posteffects
001c2f30 00000004 b ms_per_step
001c2f34 00000004 b music_decoders
001c2f38 00000004 b music_finished_hook
001c2f3c 00000004 b music_loops
001c2f40 00000004 b music_playing
001c2f44 00000004 b music_stopped
001c2f48 00000004 b num_decoders
001c2f4c 00000004 b samplesize
001c2f50 00000004 B soundfont_paths
001c2f54 00000004 b timidity_ok
001c2f58 00000018 b used_mixer
001c2f70 00000018 b mixer
001c2f88 00000004 b music
001c2f8c 0000006c B mikmod
001c2ff8 00000004 b current_output_channels
001c2ffc 00000002 b current_output_format
001c3000 00000004 b music_swap16
001c3004 00000004 b music_swap8
001c3008 00000004 B GM_System_On
001c300c 00000004 B GS_System_On
001c3010 00000004 B XG_System_On
001c3014 00000004 B XG_System_chorus_type
001c3018 00000004 B XG_System_reverb_type
001c301c 00000004 B XG_System_variation_type
001c3020 00000004 B adjust_panning_immediately
001c3024 00000004 b buffer_pointer
001c3028 00000004 b buffered_count
001c3030 00000580 B channel
001c35b0 00000004 B control_ratio
001c35b4 00000004 b current_event
001c35b8 00000004 b current_sample
001c35bc 00000004 b cut_notes
001c35c0 00000800 B drumchorusdepth
001c3dc0 00000800 B drumpanpot
001c45c0 00000800 B drumreverberation
001c4dc0 00000800 B drumvolume
001c55c0 00000004 b event_list
001c55c4 00000004 b lost_notes
001c55c8 00000008 B master_volume
001c55d0 00000004 b midi_playing
001c55d4 00000004 b sample_count
001c55d8 0001c800 B voice
001e1dd8 00000004 b at
001e1ddc 00000004 b curr_title_track
001e1de0 00000004 b curr_track
001e1de4 00000004 b event_count
001e1de8 00000004 b evlist
001e1dec 00000001 b lastchan.4
001e1ded 00000001 b laststatus.3
001e1df0 00000401 B midi_name
001e21f4 00000004 b midi_port_number
001e21f8 00000001 b nrpn.2
001e21fc 00000004 B quietchannels
001e2200 00000010 b rpn_lsb.0
001e2210 00000010 b rpn_msb.1
001e2220 00000004 b rw
001e2224 00000004 b sample_correction
001e2228 00000004 b sample_increment
001e222c 00000004 b track_info
001e2230 00000004 B AUDIO_BUFFER_SIZE
001e2234 00000004 B common_buffer
001e2238 00000100 b def_instr_name
001e2338 00000004 B num_ochannels
001e233c 00000004 b rcf_count.0
001e2340 00000004 B resample_buffer
001e2344 00000004 B s32tobuf
001e2348 00000400 B timidity_error
001e2748 00000020 B vorbis
001e2768 00000018 b mixer
001e2780 00000400 B current_filename
001e2b80 00000004 b pathlist
001e2b84 00000004 B antialiasing_allowed
001e2b88 00000004 B current_patch_memory
001e2b8c 00000004 B current_tune_number
001e2b90 00000004 B default_instrument
001e2b94 00000004 B default_program
001e2b98 00000004 B fast_decay
001e2b9c 00000004 B last_tune_purged
001e2ba0 00001804 b standard_drumset
001e43a4 00001804 b standard_tonebank
001e5ba8 00000004 b seq
001e5bb0 000002d0 B __C3D_Context
001e5e80 0000000c b hookCookie
001e5e90 00000010 b cpuTime
001e5ea0 00000004 b firstTarget
001e5ea4 00000008 b frameCounter
001e5eac 00000004 b frameEndCb
001e5eb0 00000004 b frameEndCbData
001e5eb8 00000010 b gpuTime
001e5ec8 00000001 b inFrame
001e5ec9 00000001 b inSafeTransfer
001e5eca 00000001 b isTopStereo
001e5ecc 00000004 b lastTarget
001e5ed0 0000000c b linkedTarget
001e5edc 00000001 b measureGpuTime
001e5edd 00000001 b needSwapBot
001e5ede 00000001 b needSwapTop
001e5ee0 00000004 B C3D_BoolUnifs
001e5ee4 00000002 B C3D_BoolUnifsDirty
001e5ee8 00000c00 B C3D_FVUnif
001e6ae8 000000c0 B C3D_FVUnifDirty
001e6ba8 00000020 B C3D_IVUnif
001e6bc8 00000008 B C3D_IVUnifDirty
001e6bd0 000000c0 b C3Di_FVUnifEverDirty
001e6c90 00000008 b C3Di_IVUnifEverDirty
001e6c98 00000018 b C3Di_ShaderFVecData
001e6cb0 00000004 b boundQueue
001e6cb4 00000004 b curQueue
001e6cb8 00000001 b isActive
001e6cb9 00000001 b isRunning
001e6cba 00000001 b shouldStop
001e6cbc 00000004 B gpuCmdBuf
001e6cc0 00000004 B gpuCmdBufOffset
001e6cc4 00000004 B gpuCmdBufSize
001e6cc8 00000001 b bCancelReceived
001e6cc9 00000001 b bDspReady
001e6cca 00000001 b bEnteringSleep
001e6ccb 00000001 b bSleeping
001e6ccc 00000004 b componentBin
001e6cd0 00000002 b componentDataMask
001e6cd2 00000001 b componentFree
001e6cd4 00000002 b componentProgMask
001e6cd8 00000004 b componentSize
001e6cdc 00000004 b droppedFrames
001e6ce0 00000004 b dspSem
001e6ce4 00001080 b dspVar5Backup
001e7d64 00000004 b frameCount
001e7d68 00000004 b irqEvent
001e7d6c 00000002 B ndspBufferCurId
001e7d6e 00000002 B ndspBufferId
001e7d70 00000002 B ndspFrameId
001e7d74 00000008 b ndspHookCookie
001e7d7c 00000048 b ndspMaster
001e7dc4 00000004 b ndspMutex
001e7dc8 00000004 b ndspRefCount
001e7dcc 00000004 b ndspThread
001e7dd0 00000001 b ndspThreadRun
001e7dd4 00000080 B ndspVars
001e7e54 00000008 b sleepEvent
001e7e5c 00000c60 b ndspChn
001e8abc 00000004 b cfguHandle
001e8ac0 00000004 b cfguRefCount
001e8ac4 00000028 B __malloc_current_mallinfo
001e8aec 00000004 B __malloc_max_sbrked_mem
001e8af0 00000004 B __malloc_max_total_mem
001e8af4 00000004 B __malloc_top_pad
001e8af8 00000004 b initial_env
001e8afc 00000004 b heap_start.0
001e8b00 00000004 B fake_heap_end
001e8b04 00000004 B fake_heap_start
001e8b08 00000400 b temp_cwd
001e8f08 00000048 B __syscalls
001e8f50 00000004 B modreader
001e8f54 00000140 B of
001e9094 00000040 B remap
001e90d4 00000010 B filtermacros
001e90e4 00000004 B filters
001e90e8 00000200 B filtersettings
001e92e8 00000002 B poslookupcnt
001e92ea 00000001 B activemacro
001e92ec B __tls_start
001e9f00 B __bss_end__
001e9f00 A __end__
001e9f00 B __tls_end
